	(Comment
		(Time 11/21/13,16:26:08)
		(User Ryan.Cabreza)
		(MsgId ECO_021)
		(Text "Package EK_CAP_NP_0402_FF1 added to cell")
		(Param1 "EK_CAP_NP_0402_FF1")
	)
	(Comment
		(Time 02/26/14,18:38:20)
		(User Ryan.Cabreza)
		(MsgId ECO_021)
		(Text "Package EK_CAP_NP_0201_FF1 added to cell")
		(Param1 "EK_CAP_NP_0201_FF1")
	)
	(Comment
		(Time 02/26/14,18:39:09)
		(User Ryan.Cabreza)
		(MsgId ECO_021)
		(Text "Package EK_CAP_NP_0201_FF1 added to cell")
		(Param1 "EK_CAP_NP_0201_FF1")
	)
	(Comment
		(Time 05/13/14,09:15:31)
		(User joseph.duran)
		(MsgId ECO_021)
		(Text "Package EK_CAP_NP_0805_FF1 added to cell")
		(Param1 "EK_CAP_NP_0805_FF1")
	)
	(Comment
		(Time 05/13/14,09:15:35)
		(User joseph.duran)
		(MsgId ECO_021)
		(Text "Package EK_CAP_NP_0805_FF2 added to cell")
		(Param1 "EK_CAP_NP_0805_FF2")
	)
	(Comment
		(Time 05/13/14,09:15:36)
		(User joseph.duran)
		(MsgId ECO_021)
		(Text "Package EK_CAP_NP_0805_FF3 added to cell")
		(Param1 "EK_CAP_NP_0805_FF3")
	)
	(Comment
		(Time 08/14/14,12:12:03)
		(User Jayson.Navarro)
		(MsgId ECO_021)
		(Text "Package EK_CAP_NP_0402_FF1 added to cell")
		(Param1 "EK_CAP_NP_0402_FF1")
	)
	(Comment
		(Time 10/14/14,15:49:12)
		(User LeaMie.Rodriguez)
		(MsgId ECO_021)
		(Text "Package EK_CAP_NP_0402_FF1 added to cell")
		(Param1 "EK_CAP_NP_0402_FF1")
	)
	(Comment
		(Time 12/09/14,10:53:50)
		(User tois)
		(MsgId ECO_021)
		(Text "Package EK_CAP_NP_04021 added to cell")
		(Param1 "EK_CAP_NP_04021")
	)
	(Comment
		(Time 01/30/15,10:25:35)
		(User Jayson.Navarro)
		(MsgId ECO_021)
		(Text "Package EK_CAP_NP_0201_FF1 added to cell")
		(Param1 "EK_CAP_NP_0201_FF1")
	)
	(Comment
		(Time 02/17/15,09:50:51)
		(User Jayson.Navarro)
		(MsgId ECO_021)
		(Text "Package EK_CAP_NP_12061 added to cell")
		(Param1 "EK_CAP_NP_12061")
	)
	(Comment
		(Time 02/20/15,15:58:31)
		(User Ryan.Cabreza)
		(MsgId ECO_021)
		(Text "Package EK_CAP_NP_0805_12061 added to cell")
		(Param1 "EK_CAP_NP_0805_12061")
	)
	(Comment
		(Time 09/04/16,15:54:31)
		(User Joseph.Duran)
		(MsgId ECO_021)
		(Text "Package EK_CAP_NP_04021 added to cell")
		(Param1 "EK_CAP_NP_04021")
	)
	(Comment
		(Time 10/11/16,16:46:31)
		(User Jayson.Navarro)
		(MsgId ECO_021)
		(Text "Package EK_CAP_NP_0603_FF1 added to cell")
		(Param1 "EK_CAP_NP_0603_FF1")
	)
	(Comment
		(Time 10/11/16,16:50:13)
		(User Jayson.Navarro)
		(MsgId ECO_021)
		(Text "Package EK_CAP_NP_08051 added to cell")
		(Param1 "EK_CAP_NP_08051")
	)
	(Comment
		(Time 10/11/16,17:23:12)
		(User Jayson.Navarro)
		(MsgId ECO_022)
		(Text "Package EK_CAP_NP_YFF21AC deleted from cell")
		(Param1 "EK_CAP_NP_YFF21AC")
	)
	(Comment
		(Time 10/12/17,12:31:08)
		(User Mariel.Mabituin)
		(MsgId ECO_021)
		(Text "Package EK_CAP_NP_2220CAP_STACK_CAP1 added to cell")
		(Param1 "EK_CAP_NP_2220CAP_STACK_CAP1")
	)
	(Comment
		(Time 02/14/18,04:18:51)
		(User Joseph.Duran)
		(MsgId ECO_021)
		(Text "Package EK_CAP_NP_06031 added to cell")
		(Param1 "EK_CAP_NP_06031")
	)
	(Comment
		(Time 04/25/18,10:42:49)
		(User Mariel.Mabituin)
		(MsgId ECO_021)
		(Text "Package EK_CAP_NP_30251 added to cell")
		(Param1 "EK_CAP_NP_30251")
	)
	(Comment
		(Time 07/03/18,09:03:41)
		(User Jayson.Navarro)
		(MsgId ECO_021)
		(Text "Package EK_CAP_NP_06031 added to cell")
		(Param1 "EK_CAP_NP_06031")
	)
	(Comment
		(Time 08/09/18,05:05:36)
		(User Jayson.Navarro)
		(MsgId ECO_021)
		(Text "Package EK_CAP_NP_2220CAP_STACK_CAP1 added to cell")
		(Param1 "EK_CAP_NP_2220CAP_STACK_CAP1")
	)
	(Comment
		(Time 11/16/18,09:13:41)
		(User Joseph.Duran)
		(MsgId ECO_021)
		(Text "Package EK_CAP_NP_2220CAP_Y-AXIS1 added to cell")
		(Param1 "EK_CAP_NP_2220CAP_Y-AXIS1")
	)
	(Comment
		(Time 05/17/19,12:43:29)
		(User Mariel.Mabituin)
		(MsgId ECO_021)
		(Text "Package EK_CAP_NP_18121 added to cell")
		(Param1 "EK_CAP_NP_18121")
	)
	(Comment
		(Time 05/24/19,14:47:46)
		(User Eugene.Villanueva)
		(MsgId ECO_021)
		(Text "Package EK_CAP_NP_0402_FF1 added to cell")
		(Param1 "EK_CAP_NP_0402_FF1")
	)
	(Comment
		(Time 02/04/20,14:44:13)
		(User Mariel.Mabituin)
		(MsgId ECO_021)
		(Text "Package EK_CAP_NP_12061 added to cell")
		(Param1 "EK_CAP_NP_12061")
	)
	(Comment
		(Time 02/17/20,16:31:24)
		(User Mariel.Mabituin)
		(MsgId ECO_021)
		(Text "Package EK_CAP_NP_06031 added to cell")
		(Param1 "EK_CAP_NP_06031")
	)
