	(Comment
		(Time 07/08/16,08:12:54)
		(User Joseph.Duran)
		(MsgId ECO_082)
		(Text "Symbol sym_2 deleted from cell")
		(Param1 "sym_2")
	)
	(Comment
		(Time 08/16/17,05:54:00)
		(User Jayson.Navarro)
		(MsgId ECO_021)
		(Text "Package ANTENNA_AH316M1 added to cell")
		(Param1 "ANTENNA_AH316M1")
	)
	(Comment
		(Time 12/12/17,14:52:52)
		(User Joseph.Duran)
		(MsgId ECO_021)
		(Text "Package ANTENNA_SMD_41 added to cell")
		(Param1 "ANTENNA_SMD_41")
	)
	(Comment
		(Time 12/12/17,14:54:11)
		(User Joseph.Duran)
		(MsgId ECO_081)
		(Text "Symbol sym_3 added to cell")
		(Param1 "sym_3")
	)
	(Comment
		(Time 07/19/18,05:30:19)
		(User Jayson.Navarro)
		(MsgId ECO_021)
		(Text "Package ANTENNA_AH316M1 added to cell")
		(Param1 "ANTENNA_AH316M1")
	)
	(Comment
		(Time 07/19/18,05:31:05)
		(User Jayson.Navarro)
		(MsgId ECO_081)
		(Text "Symbol sym_4 added to cell")
		(Param1 "sym_4")
	)
	(Comment
		(Time 07/19/18,17:38:56)
		(User Ryan.Cabreza)
		(MsgId ECO_021)
		(Text "Package ANTENNA_SMD_61 added to cell")
		(Param1 "ANTENNA_SMD_61")
	)
	(Comment
		(Time 07/19/18,17:39:22)
		(User Ryan.Cabreza)
		(MsgId ECO_081)
		(Text "Symbol sym_5 added to cell")
		(Param1 "sym_5")
	)
	(Comment
		(Time 09/26/18,03:24:08)
		(User Jayson.Navarro)
		(MsgId ECO_021)
		(Text "Package ANTENNA_AH316M1 added to cell")
		(Param1 "ANTENNA_AH316M1")
	)
	(Comment
		(Time 09/26/18,03:27:31)
		(User Jayson.Navarro)
		(MsgId ECO_081)
		(Text "Symbol sym_6 added to cell")
		(Param1 "sym_6")
	)
	(Comment
		(Time 10/26/18,14:06:06)
		(User Joseph.Duran)
		(MsgId ECO_021)
		(Text "Package ANTENNA_SMD1 added to cell")
		(Param1 "ANTENNA_SMD1")
	)
	(Comment
		(Time 05/19/20,10:01:46)
		(User Mariel.Mabituin)
		(MsgId ECO_081)
		(Text "Symbol sym_8 added to cell")
		(Param1 "sym_8")
	)
	(Comment
		(Time 05/19/20,10:04:21)
		(User Mariel.Mabituin)
		(MsgId ECO_021)
		(Text "Package ANTENNA_SMD1 added to cell")
		(Param1 "ANTENNA_SMD1")
	)
