	(Comment
		(Time 04/12/12,10:45:55)
		(User Moises.Condicion)
		(MsgId ECO_021)
		(Text "Package THERMISTOR_SMD_1 added to cell")
		(Param1 THERMISTOR_SMD_1)
	)

	(Comment
		(Time 07/26/12,17:11:40)
		(User Ryan.Cabreza)
		(MsgId USR)
		(Text "ADDED 0201M FOR 0201 FOOTPRINT IN MAX DESIGN")
	)
	(Comment
		(Time 07/26/12,17:10:00)
		(User Ryan.Cabreza)
		(MsgId ECO_021)
		(Text "Package THERMISTOR_SMD_1 added to cell")
		(Param1 THERMISTOR_SMD_1)
	)
	(Comment
		(Time 07/26/12,17:11:50)
		(User Ryan.Cabreza)
		(MsgId ECO_332)
		(Text "Revision for symbol sym_1 has been updated to 1.0.0")
		(Param1 sym_1)
		(Param2 1.0.0)
	)
	(Comment
		(Time 07/26/12,17:11:50)
		(User Ryan.Cabreza)
		(MsgId ECO_333)
		(Text "Revision for package THERMISTOR_SMD has been updated to 1.0.0")
		(Param1 THERMISTOR_SMD)
		(Param2 1.0.0)
	)
	(Comment
		(Time 07/26/12,17:11:50)
		(User Ryan.Cabreza)
		(MsgId ECO_333)
		(Text "Revision for package THERMISTOR_SMD_0603 has been updated to 1.0.0")
		(Param1 THERMISTOR_SMD_0603)
		(Param2 1.0.0)
	)
	(Comment
		(Time 07/26/12,17:11:50)
		(User Ryan.Cabreza)
		(MsgId ECO_333)
		(Text "Revision for package THERMISTOR_SMD_0201M has been updated to 1.0.0")
		(Param1 THERMISTOR_SMD_0201M)
		(Param2 1.0.0)
	)
	(Comment
		(Time 07/26/12,17:11:50)
		(User Ryan.Cabreza)
		(MsgId ECO_331)
		(Text "Revision for cell thermistor_smd has been updated to 1.0.0")
		(Param1 thermistor_smd)
		(Param2 1.0.0)
	)
	(Comment
		(Time 01/08/13,16:14:44)
		(User Ryan.Cabreza)
		(MsgId ECO_021)
		(Text "Package THERMISTOR_SMD_06031 added to cell")
		(Param1 THERMISTOR_SMD_06031)
	)
	(Comment
		(Time 03/02/15,10:57:45)
		(User Jayson.Navarro)
		(MsgId ECO_021)
		(Text "Package THERMISTOR_SMD_04021 added to cell")
		(Param1 "THERMISTOR_SMD_04021")
	)
	(Comment
		(Time 05/15/20,01:05:54)
		(User Joseph.Duran)
		(MsgId ECO_081)
		(Text "Symbol sym_3 added to cell")
		(Param1 "sym_3")
	)
