	(Comment
		(Time 04/09/13,05:39:23)
		(User tois)
		(MsgId ECO_022)
		(Text "Package LED_4P_LED_4PC1608X80M deleted from cell")
		(Param1 LED_4P_LED_4PC1608X80M)
	)
	(Comment
		(Time 04/09/13,05:39:32)
		(User tois)
		(MsgId ECO_022)
		(Text "Package LED_4P_LED_4PTH deleted from cell")
		(Param1 LED_4P_LED_4PTH)
	)
	(Comment
		(Time 04/09/13,05:39:35)
		(User tois)
		(MsgId ECO_022)
		(Text "Package LED_4P_LED_4PC3210X150M deleted from cell")
		(Param1 LED_4P_LED_4PC3210X150M)
	)
	(Comment
		(Time 04/09/13,05:39:38)
		(User tois)
		(MsgId ECO_022)
		(Text "Package LED_4P_LED_4PC3215X100-4M deleted from cell")
		(Param1 LED_4P_LED_4PC3215X100-4M)
	)
	(Comment
		(Time 04/09/13,05:39:41)
		(User tois)
		(MsgId ECO_022)
		(Text "Package LED_4P_LED_4P_0402 deleted from cell")
		(Param1 LED_4P_LED_4P_0402)
	)
	(Comment
		(Time 04/09/13,05:39:44)
		(User tois)
		(MsgId ECO_022)
		(Text "Package LED_4P_LED_4PC1608X60M deleted from cell")
		(Param1 LED_4P_LED_4PC1608X60M)
	)
	(Comment
		(Time 04/09/13,05:39:46)
		(User tois)
		(MsgId ECO_022)
		(Text "Package LED_4P_SMT200X125 deleted from cell")
		(Param1 LED_4P_SMT200X125)
	)
	(Comment
		(Time 04/09/13,05:39:49)
		(User tois)
		(MsgId ECO_022)
		(Text "Package LED_4P_SMT160X080 deleted from cell")
		(Param1 LED_4P_SMT160X080)
	)
	(Comment
		(Time 04/09/13,05:39:52)
		(User tois)
		(MsgId ECO_022)
		(Text "Package LED_4P_LED_4PC3228X210M deleted from cell")
		(Param1 LED_4P_LED_4PC3228X210M)
	)
	(Comment
		(Time 04/09/13,05:39:55)
		(User tois)
		(MsgId ECO_022)
		(Text "Package LED_4P_CMD28-21 deleted from cell")
		(Param1 LED_4P_CMD28-21)
	)
	(Comment
		(Time 04/09/13,05:39:57)
		(User tois)
		(MsgId ECO_022)
		(Text "Package LED_4P_LED_4P_1210_4P deleted from cell")
		(Param1 LED_4P_LED_4P_1210_4P)
	)
	(Comment
		(Time 04/09/13,05:40:00)
		(User tois)
		(MsgId ECO_022)
		(Text "Package LED_4P_LED_4P_SFH4650_51 deleted from cell")
		(Param1 LED_4P_LED_4P_SFH4650_51)
	)
	(Comment
		(Time 04/09/13,05:40:03)
		(User tois)
		(MsgId ECO_022)
		(Text "Package LED_4P_LED_4P_PANA_FIG10_S deleted from cell")
		(Param1 LED_4P_LED_4P_PANA_FIG10_S)
	)
	(Comment
		(Time 04/09/13,05:40:06)
		(User tois)
		(MsgId ECO_022)
		(Text "Package LED_4P_LED_4P_PANA_FIG9_GW deleted from cell")
		(Param1 LED_4P_LED_4P_PANA_FIG9_GW)
	)
	(Comment
		(Time 04/09/13,05:40:10)
		(User tois)
		(MsgId ECO_022)
		(Text "Package LED_4P_SML-LX2832GC-TR deleted from cell")
		(Param1 LED_4P_SML-LX2832GC-TR)
	)
	(Comment
		(Time 04/09/13,05:40:16)
		(User tois)
		(MsgId ECO_082)
		(Text "Symbol sym_1 deleted from cell")
		(Param1 sym_1)
	)
	(Comment
		(Time 04/09/13,05:40:20)
		(User tois)
		(MsgId ECO_082)
		(Text "Symbol sym_2 deleted from cell")
		(Param1 sym_2)
	)
	(Comment
		(Time 04/09/13,05:40:25)
		(User tois)
		(MsgId ECO_082)
		(Text "Symbol sym_3 deleted from cell")
		(Param1 sym_3)
	)
	(Comment
		(Time 04/09/13,05:40:31)
		(User tois)
		(MsgId ECO_082)
		(Text "Symbol sym_5 deleted from cell")
		(Param1 sym_5)
	)
	(Comment
		(Time 04/09/13,05:56:52)
		(User tois)
		(MsgId ECO_083)
		(Text "Symbol sym_4 renamed to sym_1")
		(Param1 sym_4)
		(Param2 sym_1)
	)
	(Comment
		(Time 04/15/13,14:10:55)
		(User Ryan.Cabreza)
		(MsgId ECO_021)
		(Text "Package LED_4P_SFH42481 added to cell")
		(Param1 LED_4P_SFH42481)
	)
	(Comment
		(Time 05/07/13,20:00:45)
		(User Vhan.Manalo)
		(MsgId ECO_021)
		(Text "Package LED_4P_SFH42481 added to cell")
		(Param1 LED_4P_SFH42481)
	)
	(Comment
		(Time 05/08/13,05:44:17)
		(User tois)
		(MsgId ECO_082)
		(Text "Symbol sym_2 deleted from cell")
		(Param1 sym_2)
	)
	(Comment
		(Time 05/08/13,05:45:06)
		(User tois)
		(MsgId ECO_081)
		(Text "Symbol sym_2 added to cell")
		(Param1 sym_2)
	)
	(Comment
		(Time 05/08/13,05:46:08)
		(User tois)
		(MsgId ECO_081)
		(Text "Symbol sym_3 added to cell")
		(Param1 sym_3)
	)
	(Comment
		(Time 05/08/13,05:46:11)
		(User tois)
		(MsgId ECO_081)
		(Text "Symbol sym_4 added to cell")
		(Param1 sym_4)
	)
	(Comment
		(Time 05/08/13,05:46:14)
		(User tois)
		(MsgId ECO_081)
		(Text "Symbol sym_5 added to cell")
		(Param1 sym_5)
	)
	(Comment
		(Time 09/02/15,19:43:02)
		(User Ryan.Cabreza)
		(MsgId ECO_021)
		(Text "Package LED_4P_SFH42491 added to cell")
		(Param1 "LED_4P_SFH42491")
	)
	(Comment
		(Time 09/02/15,19:44:34)
		(User Ryan.Cabreza)
		(MsgId ECO_081)
		(Text "Symbol sym_6 added to cell")
		(Param1 "sym_6")
	)
	(Comment
		(Time 10/02/15,12:15:23)
		(User Mariel.Mabituin)
		(MsgId ECO_021)
		(Text "Package LED_4P_ASMB1 added to cell")
		(Param1 "LED_4P_ASMB1")
	)
	(Comment
		(Time 10/02/15,14:08:19)
		(User tois)
		(MsgId ECO_081)
		(Text "Symbol sym_7 added to cell")
		(Param1 "sym_7")
	)
	(Comment
		(Time 10/08/15,19:25:20)
		(User Ryan.Cabreza)
		(MsgId ECO_021)
		(Text "Package LED_4P_SFH42491 added to cell")
		(Param1 "LED_4P_SFH42491")
	)
	(Comment
		(Time 03/29/16,23:54:53)
		(User Ryan.Cabreza)
		(MsgId ECO_021)
		(Text "Package LED_4P_SFH4250S1 added to cell")
		(Param1 "LED_4P_SFH4250S1")
	)
	(Comment
		(Time 05/03/16,13:05:41)
		(User Joseph.Duran)
		(MsgId ECO_021)
		(Text "Package LED_4P_LX04041 added to cell")
		(Param1 "LED_4P_LX04041")
	)
	(Comment
		(Time 05/03/16,13:07:27)
		(User Joseph.Duran)
		(MsgId ECO_081)
		(Text "Symbol sym_9 added to cell")
		(Param1 "sym_9")
	)
	(Comment
		(Time 08/04/16,11:09:39)
		(User Mariel.Mabituin)
		(MsgId ECO_021)
		(Text "Package LED_4P_ASMB1 added to cell")
		(Param1 "LED_4P_ASMB1")
	)
	(Comment
		(Time 10/19/16,18:52:06)
		(User Ryan.Cabreza)
		(MsgId ECO_021)
		(Text "Package LED_4P_SMT200X125_4P1 added to cell")
		(Param1 "LED_4P_SMT200X125_4P1")
	)
	(Comment
		(Time 10/19/16,18:54:49)
		(User Ryan.Cabreza)
		(MsgId ECO_081)
		(Text "Symbol sym_10 added to cell")
		(Param1 "sym_10")
	)
	(Comment
		(Time 10/20/16,10:49:36)
		(User Mariel.Mabituin)
		(MsgId ECO_021)
		(Text "Package LED_4P_BLUE-AMBER1 added to cell")
		(Param1 "LED_4P_BLUE-AMBER1")
	)
	(Comment
		(Time 10/20/16,10:51:32)
		(User Mariel.Mabituin)
		(MsgId ECO_081)
		(Text "Symbol sym_11 added to cell")
		(Param1 "sym_11")
	)
	(Comment
		(Time 11/11/16,19:24:53)
		(User Joseph.Duran)
		(MsgId ECO_021)
		(Text "Package LED_4P_SFH4250S1 added to cell")
		(Param1 "LED_4P_SFH4250S1")
	)
	(Comment
		(Time 04/05/17,16:09:13)
		(User Mariel.Mabituin)
		(MsgId ECO_021)
		(Text "Package LED_4P_RED-GREEN1 added to cell")
		(Param1 "LED_4P_RED-GREEN1")
	)
	(Comment
		(Time 04/05/17,16:13:32)
		(User Mariel.Mabituin)
		(MsgId ECO_081)
		(Text "Symbol sym_12 added to cell")
		(Param1 "sym_12")
	)
	(Comment
		(Time 12/12/17,16:39:45)
		(User Mariel.Mabituin)
		(MsgId ECO_021)
		(Text "Package LED_4P_IR-RED1 added to cell")
		(Param1 "LED_4P_IR-RED1")
	)
	(Comment
		(Time 04/03/18,17:43:26)
		(User Mariel.Mabituin)
		(MsgId ECO_021)
		(Text "Package LED_4P_SFH70131 added to cell")
		(Param1 "LED_4P_SFH70131")
	)
	(Comment
		(Time 08/16/18,11:35:47)
		(User Joseph.Duran)
		(MsgId ECO_021)
		(Text "Package LED_4P_LED_0404_4P1 added to cell")
		(Param1 "LED_4P_LED_0404_4P1")
	)
	(Comment
		(Time 12/19/18,18:02:13)
		(User Joseph.Duran)
		(MsgId ECO_021)
		(Text "Package LED_4P_LRTB_R48G1 added to cell")
		(Param1 "LED_4P_LRTB_R48G1")
	)
	(Comment
		(Time 12/20/18,04:31:37)
		(User Jayson.Navarro)
		(MsgId ECO_021)
		(Text "Package LED_4P_LED_CLVBA-FKA1 added to cell")
		(Param1 "LED_4P_LED_CLVBA-FKA1")
	)
	(Comment
		(Time 12/21/18,09:35:16)
		(User Ryan.Cabreza)
		(MsgId ECO_021)
		(Text "Package LED_4P_ASMB1 added to cell")
		(Param1 "LED_4P_ASMB1")
	)
	(Comment
		(Time 12/21/18,09:35:51)
		(User Ryan.Cabreza)
		(MsgId ECO_081)
		(Text "Symbol sym_13 added to cell")
		(Param1 "sym_13")
	)
	(Comment
		(Time 09/09/19,17:20:46)
		(User Mariel.Mabituin)
		(MsgId ECO_021)
		(Text "Package LED_4P_LED_PLCC4_SMD1 added to cell")
		(Param1 "LED_4P_LED_PLCC4_SMD1")
	)
	(Comment
		(Time 02/17/20,18:08:41)
		(User Jayson.Navarro)
		(MsgId ECO_021)
		(Text "Package LED_4P_06061 added to cell")
		(Param1 "LED_4P_06061")
	)
