	(Comment
		(Time 09/08/09,08:47:37)
		(User Owen.Tanate)
		(MsgId ECO_021)
		(Text "Package FERRITEBEAD_1 added to cell")
		(Param1 FERRITEBEAD_1)
	)
	(Comment
		(Time 08/10/10,13:39:46)
		(User Daphine.Salazar)
		(MsgId ECO_021)
		(Text "Package FERRITEBEAD_06031 added to cell")
		(Param1 FERRITEBEAD_06031)
	)
	(Comment
		(Time 12/19/11,14:20:39)
		(User Moises.Condicion)
		(MsgId ECO_021)
		(Text "Package FERRITEBEAD_1 added to cell")
		(Param1 FERRITEBEAD_1)
	)
	(Comment
		(Time 06/14/13,13:31:18)
		(User Vhan.Manalo)
		(MsgId ECO_021)
		(Text "Package FERRITEBEAD_12061 added to cell")
		(Param1 "FERRITEBEAD_12061")
	)
	(Comment
		(Time 10/16/13,13:18:35)
		(User Vhan.Manalo)
		(MsgId ECO_021)
		(Text "Package FERRITEBEAD_12101 added to cell")
		(Param1 "FERRITEBEAD_12101")
	)
	(Comment
		(Time 10/18/13,14:02:09)
		(User Vhan.Manalo)
		(MsgId ECO_021)
		(Text "Package FERRITEBEAD_02011 added to cell")
		(Param1 "FERRITEBEAD_02011")
	)
	(Comment
		(Time 04/11/14,20:05:30)
		(User Jayson.Navarro)
		(MsgId ECO_021)
		(Text "Package FERRITEBEAD_1 added to cell")
		(Param1 "FERRITEBEAD_1")
	)
	(Comment
		(Time 11/18/14,07:11:10)
		(User tois)
		(MsgId ECO_021)
		(Text "Package FERRITEBEAD_1 added to cell")
		(Param1 "FERRITEBEAD_1")
	)
	(Comment
		(Time 11/18/14,07:11:58)
		(User tois)
		(MsgId ECO_081)
		(Text "Symbol sym_2 added to cell")
		(Param1 "sym_2")
	)
	(Comment
		(Time 07/23/15,19:40:08)
		(User jayson.navarro)
		(MsgId ECO_021)
		(Text "Package FERRITEBEAD_06031 added to cell")
		(Param1 "FERRITEBEAD_06031")
	)
	(Comment
		(Time 08/16/16,12:22:05)
		(User Mariel.Mabituin)
		(MsgId ECO_021)
		(Text "Package FERRITEBEAD_36121 added to cell")
		(Param1 "FERRITEBEAD_36121")
	)
	(Comment
		(Time 03/15/18,04:49:07)
		(User Jayson.Navarro)
		(MsgId ECO_021)
		(Text "Package FERRITEBEAD_WE-HCC_10901 added to cell")
		(Param1 "FERRITEBEAD_WE-HCC_10901")
	)
	(Comment
		(Time 06/17/19,10:20:07)
		(User Eugene.Villanueva)
		(MsgId ECO_021)
		(Text "Package FERRITEBEAD_18061 added to cell")
		(Param1 "FERRITEBEAD_18061")
	)
	(Comment
		(Time 06/20/19,09:28:22)
		(User Eugene.Villanueva)
		(MsgId ECO_021)
		(Text "Package FERRITEBEAD_18101 added to cell")
		(Param1 "FERRITEBEAD_18101")
	)
	(Comment
		(Time 06/19/20,12:26:55)
		(User Joseph.Duran)
		(MsgId ECO_021)
		(Text "Package FERRITEBEAD_12801 added to cell")
		(Param1 "FERRITEBEAD_12801")
	)
