FILE_TYPE=LIBRARY_PARTS;
primitive 'TP_TP';
  pin
    'TP1':
      PIN_NUMBER='(1)';
      PIN_TYPE='ANALOG';
      NO_LOAD_CHECK='Both';
      NO_IO_CHECK='Both';
      NO_ASSERT_CHECK='TRUE';
      NO_DIR_CHECK='TRUE';
      ALLOW_CONNECT='TRUE';
  end_pin;
  body
    PART_NAME='TP';
    BODY_NAME='TP';
    JEDEC_TYPE='tp';
    PHYS_DES_PREFIX='TP';
    CLASS='IO';
  end_body;
end_primitive;

primitive 'TP_C170H110';
  pin
    'TP1':
      PIN_NUMBER='(1)';
      PIN_TYPE='ANALOG';
      NO_LOAD_CHECK='Both';
      NO_IO_CHECK='Both';
      NO_ASSERT_CHECK='TRUE';
      NO_DIR_CHECK='TRUE';
      ALLOW_CONNECT='TRUE';
  end_pin;
  body
    PART_NAME='TP';
    BODY_NAME='TP';
    JEDEC_TYPE='tp_c170h110';
    PHYS_DES_PREFIX='TP';
    CLASS='IO';
  end_body;
end_primitive;

primitive 'TP_C110H50';
  pin
    'TP1':
      PIN_NUMBER='(1)';
      PIN_TYPE='ANALOG';
      NO_LOAD_CHECK='Both';
      NO_IO_CHECK='Both';
      NO_ASSERT_CHECK='TRUE';
      NO_DIR_CHECK='TRUE';
      ALLOW_CONNECT='TRUE';
  end_pin;
  body
    PART_NAME='TP';
    BODY_NAME='TP';
    JEDEC_TYPE='tp_c110h50';
    PHYS_DES_PREFIX='TP';
    CLASS='IO';
  end_body;
end_primitive;

primitive 'TP_C240H180';
  pin
    'TP1':
      PIN_NUMBER='(1)';
      PIN_TYPE='ANALOG';
      NO_LOAD_CHECK='Both';
      NO_IO_CHECK='Both';
      NO_ASSERT_CHECK='TRUE';
      NO_DIR_CHECK='TRUE';
      ALLOW_CONNECT='TRUE';
  end_pin;
  body
    PART_NAME='TP';
    ALT_SYMBOLS='(tp_c340h160)';
    BODY_NAME='TP';
    JEDEC_TYPE='TP_C240H180';
    PHYS_DES_PREFIX='TP';
    CLASS='IO';
  end_body;
end_primitive;

primitive 'TP_C127H81';
  pin
    'TP1':
      PIN_NUMBER='(1)';
      PIN_TYPE='ANALOG';
      NO_LOAD_CHECK='Both';
      NO_IO_CHECK='Both';
      NO_ASSERT_CHECK='TRUE';
      NO_DIR_CHECK='TRUE';
      ALLOW_CONNECT='TRUE';
  end_pin;
  body
    PART_NAME='TP';
    BODY_NAME='TP';
    JEDEC_TYPE='TP_C127H81';
    PHYS_DES_PREFIX='TP';
    CLASS='IO';
  end_body;
end_primitive;

primitive 'TP_C25H12';
  pin
    'TP1':
      PIN_NUMBER='(1)';
      PIN_TYPE='ANALOG';
      NO_LOAD_CHECK='Both';
      NO_IO_CHECK='Both';
      NO_ASSERT_CHECK='TRUE';
      NO_DIR_CHECK='TRUE';
      ALLOW_CONNECT='TRUE';
  end_pin;
  body
    PART_NAME='TP_C25H12';
    BODY_NAME='TP';
    JEDEC_TYPE='TP_C25H12';
    PHYS_DES_PREFIX='TP';
    CLASS='IO';
  end_body;
end_primitive;

primitive 'TP_C185H125';
  pin
    'TP1':
      PIN_NUMBER='(1)';
      PIN_TYPE='ANALOG';
      NO_LOAD_CHECK='Both';
      NO_IO_CHECK='Both';
      NO_ASSERT_CHECK='TRUE';
      NO_DIR_CHECK='TRUE';
      ALLOW_CONNECT='TRUE';
  end_pin;
  body
    PART_NAME='TP';
    BODY_NAME='TP';
    JEDEC_TYPE='TP_C185H125';
    PHYS_DES_PREFIX='TP';
    CLASS='IO';
  end_body;
end_primitive;

END.
