(Cell	gnd_earth

	(RevisionInfoBlock	

		(Baselined	1)

		(Revision	1.0.0)

		(ModificationStatus	NULL)

		(Status	Baselined)

		(ErrorStatus	0)

		(CreateInfo	

			(Time	03/06/05,16:48:46)

			(User	sureshg)

			(Path	standard.gnd_earth)

		)

	)

	(Views	

		(View	Symbol

			(Symbols	1

				(Symbol	sym_1

					(Symbol_Type	Normal)

					(Max_Size	0)

					(Checksum	00000000143d2d58)

					(RevisionInfoBlock	

						(Baselined	1)

						(Revision	1.0.0)

						(ModificationStatus	NULL)

						(Status	Baselined)

						(ErrorStatus	0)

						(CreateInfo	

							(Time	03/06/05,16:48:46)

							(User	sureshg)

							(Path	standard.gnd_earth)

						)

					)

				)

			)

			(Checksum	000000001b800380)

		)

		(Checksum	000000001b3f0347)

	)

	(VersionInfoBlock	

		(ToolName	PDV)

		(Version	15.50-d029)

		(License	PCB_librarian_expert)

	)

	(Checksum	000000001c2e037b)

)


