	(Comment
		(Time 11/25/20,22:38:13)
		(User Ryan.Cabreza)
		(MsgId ECO_081)
		(Text "Symbol sym_3 added to cell")
		(Param1 "sym_3")
	)
	(Comment
		(Time 11/25/20,23:25:27)
		(User Ryan.Cabreza)
		(MsgId ECO_082)
		(Text "Symbol sym_3 deleted from cell")
		(Param1 "sym_3")
	)
	(Comment
		(Time 11/25/20,23:25:33)
		(User Ryan.Cabreza)
		(MsgId ECO_082)
		(Text "Symbol sym_1 deleted from cell")
		(Param1 "sym_1")
	)
	(Comment
		(Time 11/25/20,23:25:52)
		(User Ryan.Cabreza)
		(MsgId ECO_083)
		(Text "Symbol sym_2 renamed to sym_1")
		(Param1 "sym_2")
		(Param2 "sym_1")
	)
