	(Comment
		(Time 08/06/19,17:14:15)
		(User Joseph.Duran)
		(MsgId ECO_082)
		(Text "Symbol sym_2 deleted from cell")
		(Param1 "sym_2")
	)
	(Comment
		(Time 08/19/19,20:26:52)
		(User Joseph.Duran)
		(MsgId ECO_081)
		(Text "Symbol sym_2 added to cell")
		(Param1 "sym_2")
	)
	(Comment
		(Time 08/19/19,21:48:25)
		(User Joseph.Duran)
		(MsgId ECO_081)
		(Text "Symbol sym_2 added to cell")
		(Param1 "sym_2")
	)
	(Comment
		(Time 02/11/20,12:32:17)
		(User Ryan.Cabreza)
		(MsgId ECO_021)
		(Text "Package MAX32666_WLP1091 added to cell")
		(Param1 "MAX32666_WLP1091")
	)
	(Comment
		(Time 02/11/20,13:57:19)
		(User Ryan.Cabreza)
		(MsgId ECO_081)
		(Text "Symbol sym_3 added to cell")
		(Param1 "sym_3")
	)
	(Comment
		(Time 02/11/20,14:23:58)
		(User Ryan.Cabreza)
		(MsgId ECO_081)
		(Text "Symbol sym_4 added to cell")
		(Param1 "sym_4")
	)
