(Cell	xtal

	(RevisionInfoBlock	

		(Baselined	1)

		(Revision	1.0.0)

		(ModificationStatus	NULL)

		(Status	Baselined)

		(ErrorStatus	0)

		(CreateInfo	

			(Time	08/14/09,14:04:02)

			(User	RandyD)

			(Path	mml.xtal)

		)

	)

	(Views	

		(View	Symbol

			(Symbols	1

				(Symbol	sym_1

					(Symbol_Type	Normal)

					(Max_Size	0)

					(Checksum	0000000099255d21)

					(RevisionInfoBlock	

						(Baselined	1)

						(Revision	1.0.0)

						(ModificationStatus	NULL)

						(Status	Baselined)

						(ErrorStatus	0)

						(CreateInfo	

							(Time	08/14/09,14:04:02)

							(User	RandyD)

							(Path	mml.xtal)

						)

					)

				)

			)

			(Checksum	000000001af10356)

		)

		(View	Chips

			(Checksum	00000000bc9f9ed4)

			(Primitives	8

				(Primitive	XTAL

					(RevisionInfoBlock	

						(Baselined	1)

						(Revision	1.0.0)

						(ModificationStatus	NULL)

						(Status	Baselined)

						(ErrorStatus	0)

						(CreateInfo	

							(Time	08/14/09,14:04:02)

							(User	RandyD)

							(Path	mml.xtal)

						)

					)

					(LogicalPhysicalPartRelation	

						(LogicalPart	XTAL

							(PackType	XTAL)

							(PackType	XTAL_XTAL1200X480X400M)

						)

					)

					(Packages	2

						(FunctionGroups	1

							(FunctionGroup	1[1]

								(Linkages	

									(Linkage	Symbol

										(Name	sym_1)

									)

								)

							)

						)

						(Linkages	

							(DefaultFootPrint	

								(Name	XTAL1200X480X400M)

							)

						)

					)

				)

				(Primitive	XTAL_XTAL_HC-49

					(RevisionInfoBlock	

						(Baselined	1)

						(Revision	1.0.0)

						(ModificationStatus	NULL)

						(Status	Baselined)

						(ErrorStatus	0)

						(CreateInfo	

							(Time	08/14/09,14:04:02)

							(User	RandyD)

							(Path	mml.xtal)

						)

					)

					(LogicalPhysicalPartRelation	

						(LogicalPart	XTAL

							(PackType	XTAL_XTAL_HC-49)

						)

					)

					(Packages	1

						(FunctionGroups	1

							(FunctionGroup	1[1]

								(Linkages	

									(Linkage	Symbol

										(Name	sym_1)

									)

								)

							)

						)

						(Linkages	

							(DefaultFootPrint	

								(Name	XTAL_HC-49)

							)

						)

					)

				)

				(Primitive	XTAL_OSCL550P350X800X370-4M

					(RevisionInfoBlock	

						(Baselined	1)

						(Revision	1.0.0)

						(ModificationStatus	NULL)

						(Status	Baselined)

						(ErrorStatus	0)

						(CreateInfo	

							(Time	08/14/09,14:04:02)

							(User	RandyD)

							(Path	mml.xtal)

						)

					)

					(LogicalPhysicalPartRelation	

						(LogicalPart	XTAL

							(PackType	XTAL_OSCL550P350X800X370-4M)

						)

					)

					(Packages	1

						(FunctionGroups	1

							(FunctionGroup	1[1]

								(Linkages	

									(Linkage	Symbol

										(Name	sym_1)

									)

								)

							)

						)

						(Linkages	

							(DefaultFootPrint	

								(Name	OSCL550P350X800X370-4M)

							)

						)

					)

				)

				(Primitive	XTAL_XTAL_MC405

					(RevisionInfoBlock	

						(Baselined	1)

						(Revision	1.0.0)

						(ModificationStatus	NULL)

						(Status	Baselined)

						(ErrorStatus	0)

						(CreateInfo	

							(Time	08/14/09,14:04:02)

							(User	RandyD)

							(Path	mml.xtal)

						)

					)

					(LogicalPhysicalPartRelation	

						(LogicalPart	XTAL

							(PackType	XTAL_XTAL_MC405)

						)

					)

					(Packages	1

						(FunctionGroups	1

							(FunctionGroup	1[1]

								(Linkages	

									(Linkage	Symbol

										(Name	sym_1)

									)

								)

							)

						)

						(Linkages	

							(DefaultFootPrint	

								(Name	XTAL_MC405)

							)

						)

					)

				)

				(Primitive	XTAL_XTAL_DT26

					(RevisionInfoBlock	

						(Baselined	1)

						(Revision	1.0.0)

						(ModificationStatus	NULL)

						(Status	Baselined)

						(ErrorStatus	0)

						(CreateInfo	

							(Time	08/14/09,14:04:02)

							(User	RandyD)

							(Path	mml.xtal)

						)

					)

					(LogicalPhysicalPartRelation	

						(LogicalPart	XTAL

							(PackType	XTAL_XTAL_DT26)

						)

					)

					(Packages	1

						(FunctionGroups	1

							(FunctionGroup	1[1]

								(Linkages	

									(Linkage	Symbol

										(Name	sym_1)

									)

								)

							)

						)

						(Linkages	

							(DefaultFootPrint	

								(Name	XTAL_DT26)

							)

							(AltSymbolsFootPrints	

								(Name	xtal_dt26_v)

							)

						)

					)

				)

				(Primitive	XTAL_XTAL_JXG53P2

					(RevisionInfoBlock	

						(Baselined	1)

						(Revision	1.0.0)

						(ModificationStatus	NULL)

						(Status	Baselined)

						(ErrorStatus	0)

						(CreateInfo	

							(Time	08/14/09,14:04:02)

							(User	RandyD)

							(Path	mml.xtal)

						)

					)

					(LogicalPhysicalPartRelation	

						(LogicalPart	XTAL

							(PackType	XTAL_XTAL_JXG53P2)

						)

					)

					(Packages	1

						(FunctionGroups	1

							(FunctionGroup	1[1]

								(Linkages	

									(Linkage	Symbol

										(Name	sym_1)

									)

								)

							)

						)

						(Linkages	

							(DefaultFootPrint	

								(Name	XTAL_JXG53P2)

							)

						)

					)

				)

				(Primitive	XTAL_XTAL600X360X120M

					(RevisionInfoBlock	

						(Baselined	1)

						(Revision	1.0.0)

						(ModificationStatus	NULL)

						(Status	Baselined)

						(ErrorStatus	0)

						(CreateInfo	

							(Time	08/14/09,14:04:02)

							(User	RandyD)

							(Path	mml.xtal)

						)

					)

					(LogicalPhysicalPartRelation	

						(LogicalPart	XTAL

							(PackType	XTAL_XTAL600X360X120M)

						)

					)

					(Packages	1

						(FunctionGroups	1

							(FunctionGroup	1[1]

								(Linkages	

									(Linkage	Symbol

										(Name	sym_1)

									)

								)

							)

						)

						(Linkages	

							(DefaultFootPrint	

								(Name	XTAL600X360X120M)

							)

						)

					)

				)

				(Primitive	XTAL_XTAL1200X480X460M-4M

					(RevisionInfoBlock	

						(Baselined	1)

						(Revision	1.0.0)

						(ModificationStatus	NULL)

						(Status	Baselined)

						(ErrorStatus	0)

						(CreateInfo	

							(Time	08/14/09,14:04:02)

							(User	RandyD)

							(Path	mml.xtal)

						)

					)

					(LogicalPhysicalPartRelation	

						(LogicalPart	XTAL

							(PackType	XTAL_XTAL1200X480X460M-4M)

						)

					)

					(Packages	1

						(FunctionGroups	1

							(FunctionGroup	1[1]

								(Linkages	

									(Linkage	Symbol

										(Name	sym_1)

									)

								)

							)

						)

						(Linkages	

							(DefaultFootPrint	

								(Name	XTAL1200X480X460M-4M)

							)

						)

					)

				)

			)

		)

		(Checksum	000000001c9603ab)

	)

	(VersionInfoBlock	

		(ToolName	PDV)

		(Version	Unreleased)

		(License	PCB_librarian_expert)

	)

	(Checksum	000000001bee03aa)

)


