	(Comment
		(Time 08/14/09,14:04:02)
		(User RandyD)
		(MsgId ECO_332)
		(Text "Revision for symbol sym_1 has been updated to 1.0.0")
		(Param1 sym_1)
		(Param2 1.0.0)
	)
	(Comment
		(Time 08/14/09,14:04:02)
		(User RandyD)
		(MsgId ECO_333)
		(Text "Revision for package XTAL has been updated to 1.0.0")
		(Param1 XTAL)
		(Param2 1.0.0)
	)
	(Comment
		(Time 08/14/09,14:04:02)
		(User RandyD)
		(MsgId ECO_333)
		(Text "Revision for package XTAL_XTAL_HC-49 has been updated to 1.0.0")
		(Param1 XTAL_XTAL_HC-49)
		(Param2 1.0.0)
	)
	(Comment
		(Time 08/14/09,14:04:02)
		(User RandyD)
		(MsgId ECO_333)
		(Text "Revision for package XTAL_OSCL550P350X800X370-4M has been updated to 1.0.0")
		(Param1 XTAL_OSCL550P350X800X370-4M)
		(Param2 1.0.0)
	)
	(Comment
		(Time 08/14/09,14:04:02)
		(User RandyD)
		(MsgId ECO_333)
		(Text "Revision for package XTAL_XTAL_MC405 has been updated to 1.0.0")
		(Param1 XTAL_XTAL_MC405)
		(Param2 1.0.0)
	)
	(Comment
		(Time 08/14/09,14:04:02)
		(User RandyD)
		(MsgId ECO_333)
		(Text "Revision for package XTAL_XTAL_DT26 has been updated to 1.0.0")
		(Param1 XTAL_XTAL_DT26)
		(Param2 1.0.0)
	)
	(Comment
		(Time 08/14/09,14:04:02)
		(User RandyD)
		(MsgId ECO_333)
		(Text "Revision for package XTAL_XTAL_JXG53P2 has been updated to 1.0.0")
		(Param1 XTAL_XTAL_JXG53P2)
		(Param2 1.0.0)
	)
	(Comment
		(Time 08/14/09,14:04:02)
		(User RandyD)
		(MsgId ECO_333)
		(Text "Revision for package XTAL_XTAL600X360X120M has been updated to 1.0.0")
		(Param1 XTAL_XTAL600X360X120M)
		(Param2 1.0.0)
	)
	(Comment
		(Time 08/14/09,14:04:02)
		(User RandyD)
		(MsgId ECO_333)
		(Text "Revision for package XTAL_XTAL1200X480X460M-4M has been updated to 1.0.0")
		(Param1 XTAL_XTAL1200X480X460M-4M)
		(Param2 1.0.0)
	)
	(Comment
		(Time 08/14/09,14:04:02)
		(User RandyD)
		(MsgId ECO_331)
		(Text "Revision for cell xtal has been updated to 1.0.0")
		(Param1 xtal)
		(Param2 1.0.0)
	)
	(Comment
		(Time 04/07/10,12:59:58)
		(User Owen.Tanate)
		(MsgId ECO_021)
		(Text "Package XTAL_XTAL_HC-491 added to cell")
		(Param1 XTAL_XTAL_HC-491)
	)
	(Comment
		(Time 04/07/10,13:01:19)
		(User Owen.Tanate)
		(MsgId ECO_021)
		(Text "Package XTAL_XTAL_CMS-71 added to cell")
		(Param1 XTAL_XTAL_CMS-71)
	)
	(Comment
		(Time 11/23/10,13:17:29)
		(User Daphine.Salazar)
		(MsgId ECO_021)
		(Text "Package XTAL_XTAL600X360X120M1 added to cell")
		(Param1 XTAL_XTAL600X360X120M1)
	)
	(Comment
		(Time 02/15/12,15:34:11)
		(User Ryan.Cabreza)
		(MsgId ECO_021)
		(Text "Package XTAL_XTAL_CSM-7X-3L1 added to cell")
		(Param1 XTAL_XTAL_CSM-7X-3L1)
	)
	(Comment
		(Time 04/27/12,15:37:41)
		(User Moises.Condicion)
		(MsgId ECO_021)
		(Text "Package XTAL_XTAL_CX5032GB1 added to cell")
		(Param1 XTAL_XTAL_CX5032GB1)
	)
	(Comment
		(Time 09/21/12,16:16:03)
		(User Ryan.Cabreza)
		(MsgId ECO_021)
		(Text "Package XTAL_XTAL160X200X050M1 added to cell")
		(Param1 XTAL_XTAL160X200X050M1)
	)
	(Comment
		(Time 09/21/12,16:17:37)
		(User Ryan.Cabreza)
		(MsgId ECO_081)
		(Text "Symbol sym_3 added to cell")
		(Param1 sym_3)
	)
	(Comment
		(Time 11/05/12,15:16:25)
		(User Jayson.Navarro)
		(MsgId ECO_021)
		(Text "Package XTAL_XTAL160X200X050M1 added to cell")
		(Param1 XTAL_XTAL160X200X050M1)
	)
	(Comment
		(Time 12/18/12,14:15:00)
		(User Ryan.Cabreza)
		(MsgId ECO_021)
		(Text "Package XTAL_XTAL_HC-491 added to cell")
		(Param1 XTAL_XTAL_HC-491)
	)
	(Comment
		(Time 12/18/12,14:18:18)
		(User Ryan.Cabreza)
		(MsgId ECO_021)
		(Text "Package XTAL_XTAL_CX5032GB1 added to cell")
		(Param1 XTAL_XTAL_CX5032GB1)
	)
	(Comment
		(Time 03/04/13,14:34:36)
		(User Jayson.Navarro)
		(MsgId ECO_021)
		(Text "Package XTAL_SG5311 added to cell")
		(Param1 XTAL_SG5311)
	)
	(Comment
		(Time 03/04/13,14:40:27)
		(User Jayson.Navarro)
		(MsgId ECO_022)
		(Text "Package XTAL_XTAL1230X483X430M deleted from cell")
		(Param1 XTAL_XTAL1230X483X430M)
	)
	(Comment
		(Time 03/26/13,14:27:43)
		(User Vhan.Manalo)
		(MsgId ECO_021)
		(Text "Package XTAL_XTAL_CSM-71 added to cell")
		(Param1 XTAL_XTAL_CSM-71)
	)
	(Comment
		(Time 06/25/13,12:17:01)
		(User tois)
		(MsgId ECO_021)
		(Text "Package XTAL_XTAL_DT261 added to cell")
		(Param1 "XTAL_XTAL_DT261")
	)
	(Comment
		(Time 08/27/13,20:50:28)
		(User tois)
		(MsgId ECO_021)
		(Text "Package XTAL_XTAL_HC-491 added to cell")
		(Param1 "XTAL_XTAL_HC-491")
	)
	(Comment
		(Time 08/29/13,16:55:10)
		(User Joseph.Duran)
		(MsgId ECO_021)
		(Text "Package XTAL_XTAL_HC-49S1 added to cell")
		(Param1 "XTAL_XTAL_HC-49S1")
	)
	(Comment
		(Time 08/29/13,16:56:54)
		(User Joseph.Duran)
		(MsgId ECO_081)
		(Text "Symbol sym_6 added to cell")
		(Param1 "sym_6")
	)
	(Comment
		(Time 09/19/13,17:54:13)
		(User jayson.navarro)
		(MsgId ECO_021)
		(Text "Package XTAL_OSCL550P350X800X370-4M1 added to cell")
		(Param1 "XTAL_OSCL550P350X800X370-4M1")
	)
	(Comment
		(Time 10/21/13,18:46:28)
		(User jayson.navarro)
		(MsgId ECO_021)
		(Text "Package XTAL_XTAL1200X480X460M-4M1 added to cell")
		(Param1 "XTAL_XTAL1200X480X460M-4M1")
	)
	(Comment
		(Time 10/21/13,18:49:21)
		(User jayson.navarro)
		(MsgId ECO_081)
		(Text "Symbol sym_7 added to cell")
		(Param1 "sym_7")
	)
	(Comment
		(Time 02/14/14,01:04:59)
		(User tois)
		(MsgId ECO_021)
		(Text "Package XTAL_XTAL_HC-49S1 added to cell")
		(Param1 "XTAL_XTAL_HC-49S1")
	)
	(Comment
		(Time 02/27/14,13:54:24)
		(User Jayson.Navarro)
		(MsgId ECO_021)
		(Text "Package XTAL_XTAL1200X480X460M-4M1 added to cell")
		(Param1 "XTAL_XTAL1200X480X460M-4M1")
	)
	(Comment
		(Time 04/07/14,13:24:06)
		(User Jayson.Navarro)
		(MsgId ECO_021)
		(Text "Package XTAL_XTAL160X200X050M1 added to cell")
		(Param1 "XTAL_XTAL160X200X050M1")
	)
	(Comment
		(Time 05/02/14,11:41:13)
		(User Jayson.Navarro)
		(MsgId ECO_021)
		(Text "Package XTAL_1 added to cell")
		(Param1 "XTAL_1")
	)
	(Comment
		(Time 05/02/14,11:43:26)
		(User Jayson.Navarro)
		(MsgId ECO_021)
		(Text "Package XTAL_ABM3C1 added to cell")
		(Param1 "XTAL_ABM3C1")
	)
	(Comment
		(Time 05/02/14,11:43:42)
		(User Jayson.Navarro)
		(MsgId ECO_022)
		(Text "Package XTAL_XTAL500X320X100-4M deleted from cell")
		(Param1 "XTAL_XTAL500X320X100-4M")
	)
	(Comment
		(Time 06/11/14,21:10:25)
		(User Joseph.Duran)
		(MsgId ECO_021)
		(Text "Package XTAL_XTAL500X320X100-4M1 added to cell")
		(Param1 "XTAL_XTAL500X320X100-4M1")
	)
	(Comment
		(Time 06/11/14,22:26:01)
		(User Joseph.Duran)
		(MsgId ECO_021)
		(Text "Package XTAL_XTAL_CM200C1 added to cell")
		(Param1 "XTAL_XTAL_CM200C1")
	)
	(Comment
		(Time 06/11/14,22:32:21)
		(User Joseph.Duran)
		(MsgId ECO_022)
		(Text "Package XTAL_XTAL250X200X90-4M deleted from cell")
		(Param1 "XTAL_XTAL250X200X90-4M")
	)
	(Comment
		(Time 09/18/14,16:57:52)
		(User Jayson.Navarro)
		(MsgId ECO_021)
		(Text "Package XTAL_XTAL_HC-491 added to cell")
		(Param1 "XTAL_XTAL_HC-491")
	)
	(Comment
		(Time 10/01/14,15:54:29)
		(User Jayson.Navarro)
		(MsgId ECO_021)
		(Text "Package XTAL_OSCL550P350X800X370-4M1 added to cell")
		(Param1 "XTAL_OSCL550P350X800X370-4M1")
	)
	(Comment
		(Time 11/26/14,08:51:22)
		(User Jayson.Navarro)
		(MsgId ECO_021)
		(Text "Package XTAL_XTAL160X200X050M1 added to cell")
		(Param1 "XTAL_XTAL160X200X050M1")
	)
	(Comment
		(Time 03/16/15,15:46:53)
		(User Jayson.Navarro)
		(MsgId ECO_021)
		(Text "Package XTAL_XTAL320X250X080M1 added to cell")
		(Param1 "XTAL_XTAL320X250X080M1")
	)
	(Comment
		(Time 04/30/15,17:09:48)
		(User Joseph.Duran)
		(MsgId ECO_021)
		(Text "Package XTAL_ABM3C1 added to cell")
		(Param1 "XTAL_ABM3C1")
	)
	(Comment
		(Time 05/19/15,17:23:27)
		(User Jayson.Navarro)
		(MsgId ECO_021)
		(Text "Package XTAL_XTAL160X200X050M1 added to cell")
		(Param1 "XTAL_XTAL160X200X050M1")
	)
	(Comment
		(Time 08/13/15,17:21:41)
		(User Joseph.Duran)
		(MsgId ECO_021)
		(Text "Package XTAL_XTAL_CMR200T1 added to cell")
		(Param1 "XTAL_XTAL_CMR200T1")
	)
	(Comment
		(Time 09/02/15,03:19:03)
		(User Joseph.Duran)
		(MsgId ECO_021)
		(Text "Package XTAL_XTAL_CX3225CA1 added to cell")
		(Param1 "XTAL_XTAL_CX3225CA1")
	)
	(Comment
		(Time 09/02/15,03:38:20)
		(User Joseph.Duran)
		(MsgId ECO_022)
		(Text "Package XTAL_XTAL_SSP-T7 deleted from cell")
		(Param1 "XTAL_XTAL_SSP-T7")
	)
	(Comment
		(Time 09/02/15,03:39:11)
		(User Joseph.Duran)
		(MsgId ECO_021)
		(Text "Package XTAL_XTAL_CM200C1 added to cell")
		(Param1 "XTAL_XTAL_CM200C1")
	)
	(Comment
		(Time 09/02/15,03:41:24)
		(User Joseph.Duran)
		(MsgId ECO_081)
		(Text "Symbol sym_9 added to cell")
		(Param1 "sym_9")
	)
	(Comment
		(Time 09/04/15,20:38:39)
		(User ryan.cabreza)
		(MsgId ECO_081)
		(Text "Symbol sym_10 added to cell")
		(Param1 "sym_10")
	)
	(Comment
		(Time 11/04/15,05:10:17)
		(User Mariel.Mabituin)
		(MsgId ECO_021)
		(Text "Package XTAL_XTAL320X250X080M_11 added to cell")
		(Param1 "XTAL_XTAL320X250X080M_11")
	)
	(Comment
		(Time 11/04/15,05:13:08)
		(User Mariel.Mabituin)
		(MsgId ECO_081)
		(Text "Symbol sym_11 added to cell")
		(Param1 "sym_11")
	)
	(Comment
		(Time 12/02/15,15:39:32)
		(User Mariel.Mabituin)
		(MsgId ECO_021)
		(Text "Package XTAL_ABS061 added to cell")
		(Param1 "XTAL_ABS061")
	)
	(Comment
		(Time 12/02/15,15:43:14)
		(User Mariel.Mabituin)
		(MsgId ECO_081)
		(Text "Symbol sym_12 added to cell")
		(Param1 "sym_12")
	)
	(Comment
		(Time 02/04/16,16:09:59)
		(User jayson.navarro)
		(MsgId ECO_021)
		(Text "Package XTAL_XTAL_HC-491 added to cell")
		(Param1 "XTAL_XTAL_HC-491")
	)
	(Comment
		(Time 04/01/16,10:31:58)
		(User Joseph.Duran)
		(MsgId ECO_021)
		(Text "Package XTAL_ABS061 added to cell")
		(Param1 "XTAL_ABS061")
	)
	(Comment
		(Time 04/11/16,15:52:18)
		(User Mariel.Mabituin)
		(MsgId ECO_021)
		(Text "Package XTAL_ABM3B1 added to cell")
		(Param1 "XTAL_ABM3B1")
	)
	(Comment
		(Time 04/12/16,19:08:37)
		(User Ryan.Cabreza)
		(MsgId ECO_021)
		(Text "Package XTAL_XTAL160X200X050M1 added to cell")
		(Param1 "XTAL_XTAL160X200X050M1")
	)
	(Comment
		(Time 04/28/16,16:02:17)
		(User Mariel.Mabituin)
		(MsgId ECO_021)
		(Text "Package XTAL_XTAL_CX3225CA1 added to cell")
		(Param1 "XTAL_XTAL_CX3225CA1")
	)
	(Comment
		(Time 08/02/16,00:29:06)
		(User Jayson.Navarro)
		(MsgId ECO_021)
		(Text "Package XTAL_XTAL_ECX-34S1 added to cell")
		(Param1 "XTAL_XTAL_ECX-34S1")
	)
	(Comment
		(Time 08/04/16,15:46:33)
		(User Mariel.Mabituin)
		(MsgId ECO_021)
		(Text "Package XTAL_XTAL_HC-491 added to cell")
		(Param1 "XTAL_XTAL_HC-491")
	)
	(Comment
		(Time 08/11/16,16:10:27)
		(User Mariel.Mabituin)
		(MsgId ECO_021)
		(Text "Package XTAL_XTAL_CX2520SB1 added to cell")
		(Param1 "XTAL_XTAL_CX2520SB1")
	)
	(Comment
		(Time 09/01/16,03:48:11)
		(User Ryan.Cabreza)
		(MsgId ECO_021)
		(Text "Package XTAL_ABM3B1 added to cell")
		(Param1 "XTAL_ABM3B1")
	)
	(Comment
		(Time 09/01/16,03:50:06)
		(User Ryan.Cabreza)
		(MsgId ECO_021)
		(Text "Package XTAL_ABS061 added to cell")
		(Param1 "XTAL_ABS061")
	)
	(Comment
		(Time 09/01/16,13:07:55)
		(User Mariel.Mabituin)
		(MsgId ECO_021)
		(Text "Package XTAL_XTAL320X250X90M1 added to cell")
		(Param1 "XTAL_XTAL320X250X90M1")
	)
	(Comment
		(Time 09/01/16,13:13:39)
		(User Mariel.Mabituin)
		(MsgId ECO_022)
		(Text "Package XTAL_SG-210STF deleted from cell")
		(Param1 "XTAL_SG-210STF")
	)
	(Comment
		(Time 09/01/16,13:13:53)
		(User Mariel.Mabituin)
		(MsgId ECO_021)
		(Text "Package XTAL_SG5311 added to cell")
		(Param1 "XTAL_SG5311")
	)
	(Comment
		(Time 09/01/16,13:35:01)
		(User Mariel.Mabituin)
		(MsgId ECO_081)
		(Text "Symbol sym_13 added to cell")
		(Param1 "sym_13")
	)
	(Comment
		(Time 09/04/16,15:06:07)
		(User Mariel.Mabituin)
		(MsgId ECO_021)
		(Text "Package XTAL_XTAL1200X480X460M-4M1 added to cell")
		(Param1 "XTAL_XTAL1200X480X460M-4M1")
	)
	(Comment
		(Time 09/04/16,15:07:09)
		(User Mariel.Mabituin)
		(MsgId ECO_022)
		(Text "Package XTAL_XTAL1200X480X460M-4M1 deleted from cell")
		(Param1 "XTAL_XTAL1200X480X460M-4M1")
	)
	(Comment
		(Time 09/04/16,15:07:21)
		(User Mariel.Mabituin)
		(MsgId ECO_021)
		(Text "Package XTAL_ECX-121 added to cell")
		(Param1 "XTAL_ECX-121")
	)
	(Comment
		(Time 09/16/16,12:33:58)
		(User Mariel.Mabituin)
		(MsgId ECO_021)
		(Text "Package XTAL_XTAL160X120X035-4M1 added to cell")
		(Param1 "XTAL_XTAL160X120X035-4M1")
	)
	(Comment
		(Time 11/03/16,05:16:21)
		(User Ryan.Cabreza)
		(MsgId ECO_021)
		(Text "Package XTAL_XTAL_HC49SD1 added to cell")
		(Param1 "XTAL_XTAL_HC49SD1")
	)
	(Comment
		(Time 01/15/17,21:02:41)
		(User Jayson.Navarro)
		(MsgId ECO_021)
		(Text "Package XTAL_ABS071 added to cell")
		(Param1 "XTAL_ABS071")
	)
	(Comment
		(Time 03/09/17,13:12:23)
		(User Joseph.Duran)
		(MsgId ECO_021)
		(Text "Package XTAL_ABM3B1 added to cell")
		(Param1 "XTAL_ABM3B1")
	)
	(Comment
		(Time 03/22/17,14:23:36)
		(User jayson.navarro)
		(MsgId ECO_021)
		(Text "Package XTAL_SG5311 added to cell")
		(Param1 "XTAL_SG5311")
	)
	(Comment
		(Time 03/22/17,14:26:40)
		(User jayson.navarro)
		(MsgId ECO_081)
		(Text "Symbol sym_14 added to cell")
		(Param1 "sym_14")
	)
	(Comment
		(Time 03/22/17,15:09:35)
		(User jayson.navarro)
		(MsgId ECO_021)
		(Text "Package XTAL_XTAL320X250X080M1 added to cell")
		(Param1 "XTAL_XTAL320X250X080M1")
	)
	(Comment
		(Time 05/23/17,14:59:02)
		(User Mariel.Mabituin)
		(MsgId ECO_021)
		(Text "Package XTAL_XTAL250X200X85M1 added to cell")
		(Param1 "XTAL_XTAL250X200X85M1")
	)
	(Comment
		(Time 05/23/17,15:47:06)
		(User Mariel.Mabituin)
		(MsgId ECO_021)
		(Text "Package XTAL_XTAL500X320X85M1 added to cell")
		(Param1 "XTAL_XTAL500X320X85M1")
	)
	(Comment
		(Time 05/23/17,15:48:25)
		(User Mariel.Mabituin)
		(MsgId ECO_081)
		(Text "Symbol sym_15 added to cell")
		(Param1 "sym_15")
	)
	(Comment
		(Time 06/13/17,17:34:47)
		(User Ryan.Cabreza)
		(MsgId ECO_021)
		(Text "Package XTAL_XTAL_HC49S1 added to cell")
		(Param1 "XTAL_XTAL_HC49S1")
	)
	(Comment
		(Time 06/20/17,15:48:28)
		(User Mariel.Mabituin)
		(MsgId ECO_021)
		(Text "Package XTAL_XTAL_EXD14B-004621 added to cell")
		(Param1 "XTAL_XTAL_EXD14B-004621")
	)
	(Comment
		(Time 06/23/17,15:05:36)
		(User Joseph.Duran)
		(MsgId ECO_021)
		(Text "Package XTAL_XTAL_HC-491 added to cell")
		(Param1 "XTAL_XTAL_HC-491")
	)
	(Comment
		(Time 07/07/17,17:12:46)
		(User Mariel.Mabituin)
		(MsgId ECO_021)
		(Text "Package XTAL_XTAL500X320X85M1 added to cell")
		(Param1 "XTAL_XTAL500X320X85M1")
	)
	(Comment
		(Time 11/23/17,14:10:47)
		(User Jayson.Navarro)
		(MsgId ECO_021)
		(Text "Package XTAL_XTAL_CX3225GA1 added to cell")
		(Param1 "XTAL_XTAL_CX3225GA1")
	)
	(Comment
		(Time 01/08/18,13:45:13)
		(User Ryan.Cabreza)
		(MsgId ECO_021)
		(Text "Package XTAL_XTAL_NX3225GD1 added to cell")
		(Param1 "XTAL_XTAL_NX3225GD1")
	)
	(Comment
		(Time 02/15/18,12:39:38)
		(User Jayson.Navarro)
		(MsgId ECO_021)
		(Text "Package XTAL_XTAL_HC-491 added to cell")
		(Param1 "XTAL_XTAL_HC-491")
	)
	(Comment
		(Time 03/06/18,18:18:51)
		(User Mariel.Mabituin)
		(MsgId ECO_021)
		(Text "Package XTAL_ECX-121 added to cell")
		(Param1 "XTAL_ECX-121")
	)
	(Comment
		(Time 03/19/18,12:29:54)
		(User Mariel.Mabituin)
		(MsgId ECO_081)
		(Text "Symbol sym_17 added to cell")
		(Param1 "sym_17")
	)
	(Comment
		(Time 03/19/18,12:32:04)
		(User Mariel.Mabituin)
		(MsgId ECO_021)
		(Text "Package XTAL_XTAL_KX3211 added to cell")
		(Param1 "XTAL_XTAL_KX3211")
	)
	(Comment
		(Time 03/19/18,12:40:46)
		(User Mariel.Mabituin)
		(MsgId ECO_081)
		(Text "Symbol sym_18 added to cell")
		(Param1 "sym_18")
	)
	(Comment
		(Time 03/19/18,17:09:10)
		(User Jayson.Navarro)
		(MsgId ECO_021)
		(Text "Package XTAL_XTAL_KT2016_VCTCXO1 added to cell")
		(Param1 "XTAL_XTAL_KT2016_VCTCXO1")
	)
	(Comment
		(Time 05/03/18,17:06:09)
		(User Mariel.Mabituin)
		(MsgId ECO_021)
		(Text "Package XTAL_XTAL800X380X250M1 added to cell")
		(Param1 "XTAL_XTAL800X380X250M1")
	)
	(Comment
		(Time 05/25/18,16:35:29)
		(User Joseph.Duran)
		(MsgId ECO_021)
		(Text "Package XTAL_XTAL_HC-491 added to cell")
		(Param1 "XTAL_XTAL_HC-491")
	)
	(Comment
		(Time 12/05/18,05:31:42)
		(User Ryan.Cabreza)
		(MsgId ECO_021)
		(Text "Package XTAL_ABM101 added to cell")
		(Param1 "XTAL_ABM101")
	)
	(Comment
		(Time 12/20/18,09:09:35)
		(User Ryan.Cabreza)
		(MsgId ECO_021)
		(Text "Package XTAL_XTAL600X350X120-4M1 added to cell")
		(Param1 "XTAL_XTAL600X350X120-4M1")
	)
	(Comment
		(Time 02/22/19,16:56:50)
		(User Joseph.Duran)
		(MsgId ECO_021)
		(Text "Package XTAL_TH1 added to cell")
		(Param1 "XTAL_TH1")
	)
	(Comment
		(Time 03/22/19,03:26:52)
		(User Ryan.Cabreza)
		(MsgId ECO_021)
		(Text "Package XTAL_XTAL320X150X90M1 added to cell")
		(Param1 "XTAL_XTAL320X150X90M1")
	)
	(Comment
		(Time 10/22/19,13:32:08)
		(User Eugene.Villanueva)
		(MsgId ECO_021)
		(Text "Package XTAL_XTAL500X320X130M1 added to cell")
		(Param1 "XTAL_XTAL500X320X130M1")
	)
	(Comment
		(Time 10/22/19,15:51:31)
		(User Eugene.Villanueva)
		(MsgId ECO_021)
		(Text "Package XTAL_XTAL1130X470X410M1 added to cell")
		(Param1 "XTAL_XTAL1130X470X410M1")
	)
	(Comment
		(Time 10/22/19,15:52:26)
		(User Eugene.Villanueva)
		(MsgId ECO_022)
		(Text "Package XTAL_XTAL1130X470X410M1 deleted from cell")
		(Param1 "XTAL_XTAL1130X470X410M1")
	)
	(Comment
		(Time 10/22/19,15:58:22)
		(User Eugene.Villanueva)
		(MsgId ECO_081)
		(Text "Symbol sym_19 added to cell")
		(Param1 "sym_19")
	)
	(Comment
		(Time 10/22/19,15:59:37)
		(User Eugene.Villanueva)
		(MsgId ECO_021)
		(Text "Package XTAL_XTAL_KX3211 added to cell")
		(Param1 "XTAL_XTAL_KX3211")
	)
	(Comment
		(Time 11/04/19,11:18:09)
		(User Eugene.Villanueva)
		(MsgId ECO_021)
		(Text "Package XTAL_XTAL1130X470X410M1 added to cell")
		(Param1 "XTAL_XTAL1130X470X410M1")
	)
	(Comment
		(Time 12/06/19,16:35:53)
		(User Eugene.Villanueva)
		(MsgId ECO_021)
		(Text "Package XTAL_XTAL_CX3225CA1 added to cell")
		(Param1 "XTAL_XTAL_CX3225CA1")
	)
	(Comment
		(Time 04/21/20,17:10:21)
		(User Jayson.Navarro)
		(MsgId ECO_021)
		(Text "Package XTAL_XTAL_CSM-71 added to cell")
		(Param1 "XTAL_XTAL_CSM-71")
	)
	(Comment
		(Time 04/22/20,14:35:32)
		(User Jayson.Navarro)
		(MsgId ECO_021)
		(Text "Package XTAL_XTAL_CSM-7X1 added to cell")
		(Param1 "XTAL_XTAL_CSM-7X1")
	)
	(Comment
		(Time 08/06/20,21:16:23)
		(User Jayson.Navarro)
		(MsgId ECO_021)
		(Text "Package XTAL_XTAL250X200X85M1 added to cell")
		(Param1 "XTAL_XTAL250X200X85M1")
	)
	(Comment
		(Time 10/21/20,19:17:20)
		(User Jayson.Navarro)
		(MsgId ECO_021)
		(Text "Package XTAL_XTAL_SC-20S1 added to cell")
		(Param1 "XTAL_XTAL_SC-20S1")
	)
	(Comment
		(Time 11/04/20,17:13:38)
		(User Mariel.Mabituin)
		(MsgId ECO_021)
		(Text "Package XTAL_XTAL_NX2012SA1 added to cell")
		(Param1 "XTAL_XTAL_NX2012SA1")
	)
	(Comment
		(Time 11/05/20,00:42:23)
		(User Mariel.Mabituin)
		(MsgId ECO_021)
		(Text "Package XTAL_ABM101 added to cell")
		(Param1 "XTAL_ABM101")
	)
