FILE_TYPE=LIBRARY_PARTS;
primitive 'THERMISTOR_SMD','THERMISTOR_SMD_0201','THERMISTOR_SMD_1206';
  pin
    '1':
      PIN_NUMBER='(1)';
      PINUSE='UNSPEC';
      PIN_GROUP='val 1';
      NO_LOAD_CHECK='Both';
      NO_IO_CHECK='Both';
      NO_ASSERT_CHECK='TRUE';
      NO_DIR_CHECK='TRUE';
      ALLOW_CONNECT='TRUE';
    '2':
      PIN_NUMBER='(2)';
      PINUSE='UNSPEC';
      PIN_GROUP='val 1';
      NO_LOAD_CHECK='Both';
      NO_IO_CHECK='Both';
      NO_ASSERT_CHECK='TRUE';
      NO_DIR_CHECK='TRUE';
      ALLOW_CONNECT='TRUE';
  end_pin;
  body
    PART_NAME='THERMISTOR_SMD';
    ALT_SYMBOLS='(0201_nosilk)';
    BODY_NAME='THERMISTOR_SMD';
    JEDEC_TYPE='0201';
    PHYS_DES_PREFIX='RT';
    CLASS='DISCRETE';
  end_body;
end_primitive;

primitive 'THERMISTOR_SMD_0603';
  pin
    '1':
      PIN_NUMBER='(1)';
      PINUSE='UNSPEC';
      PIN_GROUP='val 1';
      NO_LOAD_CHECK='Both';
      NO_IO_CHECK='Both';
      NO_ASSERT_CHECK='TRUE';
      NO_DIR_CHECK='TRUE';
      ALLOW_CONNECT='TRUE';
    '2':
      PIN_NUMBER='(2)';
      PINUSE='UNSPEC';
      PIN_GROUP='val 1';
      NO_LOAD_CHECK='Both';
      NO_IO_CHECK='Both';
      NO_ASSERT_CHECK='TRUE';
      NO_DIR_CHECK='TRUE';
      ALLOW_CONNECT='TRUE';
  end_pin;
  body
    PART_NAME='THERMISTOR_SMD';
    BODY_NAME='THERMISTOR_SMD';
    JEDEC_TYPE='0603';
    PHYS_DES_PREFIX='RT';
    CLASS='DISCRETE';
  end_body;
end_primitive;

primitive 'THERMISTOR_SMD_0201M';
  pin
    '1':
      PIN_NUMBER='(1)';
      PINUSE='UNSPEC';
      PIN_GROUP='val 1';
      NO_LOAD_CHECK='Both';
      NO_IO_CHECK='Both';
      NO_ASSERT_CHECK='TRUE';
      NO_DIR_CHECK='TRUE';
      ALLOW_CONNECT='TRUE';
    '2':
      PIN_NUMBER='(2)';
      PINUSE='UNSPEC';
      PIN_GROUP='val 1';
      NO_LOAD_CHECK='Both';
      NO_IO_CHECK='Both';
      NO_ASSERT_CHECK='TRUE';
      NO_DIR_CHECK='TRUE';
      ALLOW_CONNECT='TRUE';
  end_pin;
  body
    PART_NAME='THERMISTOR_SMD';
    BODY_NAME='THERMISTOR_SMD';
    JEDEC_TYPE='THRMC0603X33M';
    PHYS_DES_PREFIX='L';
    CLASS='DISCRETE';
  end_body;
end_primitive;

primitive 'THERMISTOR_SMD_0402_1';
  pin
    '2':
      PIN_NUMBER='(2)';
      PINUSE='UNSPEC';
      PIN_GROUP='val 1';
      NO_LOAD_CHECK='Both';
      NO_IO_CHECK='Both';
      NO_ASSERT_CHECK='TRUE';
      NO_DIR_CHECK='TRUE';
      ALLOW_CONNECT='TRUE';
    '1_1':
      PIN_NUMBER='(1)';
      PINUSE='UNSPEC';
      PIN_GROUP='val 1';
      NO_LOAD_CHECK='Both';
      NO_IO_CHECK='Both';
      NO_ASSERT_CHECK='TRUE';
      NO_DIR_CHECK='TRUE';
      ALLOW_CONNECT='TRUE';
  end_pin;
  body
    PART_NAME='THERMISTOR_SMD';
    BODY_NAME='THERMISTOR_SMD';
    JEDEC_TYPE='0402';
    PHYS_DES_PREFIX='RT';
    CLASS='DISCRETE';
  end_body;
end_primitive;

primitive 'THERMISTOR_SMD_0805';
  pin
    '1':
      PIN_NUMBER='(1)';
      PINUSE='UNSPEC';
      PIN_GROUP='val 1';
      NO_LOAD_CHECK='Both';
      NO_IO_CHECK='Both';
      NO_ASSERT_CHECK='TRUE';
      NO_DIR_CHECK='TRUE';
      ALLOW_CONNECT='TRUE';
    '2':
      PIN_NUMBER='(2)';
      PINUSE='UNSPEC';
      PIN_GROUP='val 1';
      NO_LOAD_CHECK='Both';
      NO_IO_CHECK='Both';
      NO_ASSERT_CHECK='TRUE';
      NO_DIR_CHECK='TRUE';
      ALLOW_CONNECT='TRUE';
  end_pin;
  body
    PART_NAME='THERMISTOR_SMD';
    BODY_NAME='THERMISTOR_SMD';
    JEDEC_TYPE='0805';
    PHYS_DES_PREFIX='RT';
    CLASS='DISCRETE';
  end_body;
end_primitive;

END.
