FILE_TYPE=LIBRARY_PARTS;
primitive 'XTAL','XTAL_XTAL1200X480X400M','XTAL_XTAL1140X470X330M','XTAL_XTAL1140X470X430M','XTAL_XTAL_FC135','XTAL_XTAL600X350X140M','XTAL_XTAL1200X480X410M','XTAL_XTAL1230X483X430M','XTAL_XTAL1150X480X430M','XTAL_XTAL1000X450X170M','XTAL_XTAL500X320X135M';
  pin
    'P1':
      PIN_NUMBER='(1)';
      PINUSE='UNSPEC';
    'P2':
      PIN_NUMBER='(2)';
      PINUSE='UNSPEC';
  end_pin;
  body
    PART_NAME='XTAL';
    BODY_NAME='XTAL';
    JEDEC_TYPE='XTAL1200X480X400M';
    PHYS_DES_PREFIX='Y';
    CLASS='DISCRETE';
  end_body;
end_primitive;

primitive 'XTAL_XTAL_HC-49';
  pin
    'P1':
      PIN_NUMBER='(1)';
      PINUSE='UNSPEC';
    'P2':
      PIN_NUMBER='(2)';
      PINUSE='UNSPEC';
  end_pin;
  body
    PART_NAME='XTAL';
    BODY_NAME='XTAL';
    JEDEC_TYPE='XTAL_HC-49';
    PHYS_DES_PREFIX='Y';
    CLASS='DISCRETE';
  end_body;
end_primitive;

primitive 'XTAL_OSCL550P350X800X370-4M';
  pin
    'P1':
      PIN_NUMBER='(1)';
      PINUSE='UNSPEC';
    'P2':
      PIN_NUMBER='(4)';
      PINUSE='UNSPEC';
  end_pin;
  body
    PART_NAME='XTAL';
    BODY_NAME='XTAL';
    JEDEC_TYPE='OSCL550P350X800X370-4M';
    PHYS_DES_PREFIX='Y';
    CLASS='DISCRETE';
    NC_PINS='(2,3)';
  end_body;
end_primitive;

primitive 'XTAL_XTAL_MC405';
  pin
    'P1':
      PIN_NUMBER='(1)';
      PINUSE='UNSPEC';
    'P2':
      PIN_NUMBER='(2)';
      PINUSE='UNSPEC';
  end_pin;
  body
    PART_NAME='XTAL';
    BODY_NAME='XTAL';
    JEDEC_TYPE='XTAL_MC405';
    PHYS_DES_PREFIX='Y';
    CLASS='DISCRETE';
  end_body;
end_primitive;

primitive 'XTAL_XTAL_DT26';
  pin
    'P1':
      PIN_NUMBER='(1)';
      PINUSE='UNSPEC';
    'P2':
      PIN_NUMBER='(2)';
      PINUSE='UNSPEC';
  end_pin;
  body
    PART_NAME='XTAL';
    ALT_SYMBOLS='(xtal_dt26_v)';
    BODY_NAME='XTAL';
    JEDEC_TYPE='XTAL_DT26';
    PHYS_DES_PREFIX='Y';
    CLASS='DISCRETE';
  end_body;
end_primitive;

primitive 'XTAL_XTAL_JXG53P2';
  pin
    'P1':
      PIN_NUMBER='(1)';
      PINUSE='UNSPEC';
    'P2':
      PIN_NUMBER='(2)';
      PINUSE='UNSPEC';
  end_pin;
  body
    PART_NAME='XTAL';
    BODY_NAME='XTAL';
    JEDEC_TYPE='XTAL_JXG53P2';
    PHYS_DES_PREFIX='Y';
    CLASS='DISCRETE';
  end_body;
end_primitive;

primitive 'XTAL_XTAL600X360X120M';
  pin
    'P1':
      PIN_NUMBER='(1)';
      PINUSE='UNSPEC';
    'P2':
      PIN_NUMBER='(3)';
      PINUSE='UNSPEC';
  end_pin;
  body
    PART_NAME='XTAL';
    BODY_NAME='XTAL';
    JEDEC_TYPE='XTAL600X360X120M';
    PHYS_DES_PREFIX='Y';
    CLASS='DISCRETE';
    NC_PINS='(2,4)';
  end_body;
end_primitive;

primitive 'XTAL_XTAL1200X480X460M-4M';
  pin
    'P1':
      PIN_NUMBER='(1)';
      PINUSE='UNSPEC';
    'P2':
      PIN_NUMBER='(4)';
      PINUSE='UNSPEC';
  end_pin;
  body
    PART_NAME='XTAL';
    BODY_NAME='XTAL';
    JEDEC_TYPE='XTAL1200X480X460M-4M';
    PHYS_DES_PREFIX='U';
    CLASS='IC';
    NC_PINS='(2,3)';
  end_body;
end_primitive;

primitive 'XTAL_XTAL_CSM-7';
  pin
    'P1':
      PIN_NUMBER='(1)';
      PINUSE='UNSPEC';
    'P2':
      PIN_NUMBER='(2)';
      PINUSE='UNSPEC';
  end_pin;
  body
    PART_NAME='XTAL';
    BODY_NAME='XTAL';
    JEDEC_TYPE='XTAL1150X480X430M';
    PHYS_DES_PREFIX='Y';
    CLASS='DISCRETE';
  end_body;
end_primitive;

primitive 'XTAL_XTAL_CSM-7X-3L';
  pin
    'P1':
      PIN_NUMBER='(1)';
      PINUSE='UNSPEC';
    'P2':
      PIN_NUMBER='(2)';
      PINUSE='UNSPEC';
  end_pin;
  body
    PART_NAME='XTAL';
    BODY_NAME='XTAL';
    JEDEC_TYPE='XTAL_CSM-7X-3L';
    PHYS_DES_PREFIX='Y';
    CLASS='DISCRETE';
  end_body;
end_primitive;

primitive 'XTAL_XTAL160X200X050M','XTAL_XTAL320X250X070M','XTAL_XTAL520X340X100M','XTAL_XTAL720X520X130M','XTAL_XTAL320X250X100M','XTAL_XTAL_ABMM2';
  pin
    'P1':
      PIN_NUMBER='(1)';
      PINUSE='UNSPEC';
    'P2':
      PIN_NUMBER='(3)';
      PINUSE='UNSPEC';
    'GND1':
      PIN_NUMBER='(2)';
      PINUSE='UNSPEC';
    'GND2':
      PIN_NUMBER='(4)';
      PINUSE='UNSPEC';
  end_pin;
  body
    PART_NAME='XTAL';
    BODY_NAME='XTAL';
    JEDEC_TYPE='XTAL160X200X050M';
    PHYS_DES_PREFIX='Y';
    CLASS='DISCRETE';
  end_body;
end_primitive;

primitive 'XTAL_XTAL_CX5032GB';
  pin
    'P1':
      PIN_NUMBER='(1)';
      PINUSE='UNSPEC';
    'P2':
      PIN_NUMBER='(2)';
      PINUSE='UNSPEC';
  end_pin;
  body
    PART_NAME='XTAL';
    BODY_NAME='XTAL';
    JEDEC_TYPE='OSC_CX5032GB';
    PHYS_DES_PREFIX='Y';
    CLASS='DISCRETE';
  end_body;
end_primitive;

primitive 'XTAL_XTAL_CC4V-T1A';
  pin
    'P1':
      PIN_NUMBER='(1)';
      PINUSE='UNSPEC';
    'P2':
      PIN_NUMBER='(2)';
      PINUSE='UNSPEC';
  end_pin;
  body
    PART_NAME='XTAL';
    BODY_NAME='XTAL';
    JEDEC_TYPE='xtal_cc4v-t1a';
    PHYS_DES_PREFIX='Y';
    CLASS='DISCRETE';
  end_body;
end_primitive;

primitive 'XTAL_XTAL_CX2520SB';
  pin
    'P1':
      PIN_NUMBER='(1)';
      PINUSE='UNSPEC';
    'P2':
      PIN_NUMBER='(3)';
      PINUSE='UNSPEC';
    'GND':
      PIN_NUMBER='(2)';
      PINUSE='GROUND';
      NO_LOAD_CHECK='Both';
      NO_IO_CHECK='Both';
      NO_ASSERT_CHECK='TRUE';
      NO_DIR_CHECK='TRUE';
      ALLOW_CONNECT='TRUE';
    'NC':
      PIN_NUMBER='(4)';
      PINUSE='NC';
      NO_LOAD_CHECK='Both';
      NO_IO_CHECK='Both';
      NO_ASSERT_CHECK='TRUE';
      NO_DIR_CHECK='TRUE';
      ALLOW_CONNECT='TRUE';
  end_pin;
  body
    PART_NAME='XTAL';
    BODY_NAME='XTAL';
    JEDEC_TYPE='XTAL160X200X050M';
    PHYS_DES_PREFIX='Y';
    CLASS='DISCRETE';
  end_body;
end_primitive;

primitive 'XTAL_XTAL800X380X250M';
  pin
    'P1':
      PIN_NUMBER='(1)';
      PINUSE='UNSPEC';
    'P2':
      PIN_NUMBER='(4)';
      PINUSE='UNSPEC';
    'NC1':
      PIN_NUMBER='(2)';
      PINUSE='NC';
      NO_LOAD_CHECK='Both';
      NO_IO_CHECK='Both';
      NO_ASSERT_CHECK='TRUE';
      NO_DIR_CHECK='TRUE';
      ALLOW_CONNECT='TRUE';
    'NC2':
      PIN_NUMBER='(3)';
      PINUSE='NC';
      NO_LOAD_CHECK='Both';
      NO_IO_CHECK='Both';
      NO_ASSERT_CHECK='TRUE';
      NO_DIR_CHECK='TRUE';
      ALLOW_CONNECT='TRUE';
  end_pin;
  body
    PART_NAME='XTAL';
    BODY_NAME='XTAL';
    JEDEC_TYPE='XTAL800X380X250M';
    PHYS_DES_PREFIX='Y';
    CLASS='DISCRETE';
  end_body;
end_primitive;

primitive 'XTAL_ABM3B';
  pin
    'P1':
      PIN_NUMBER='(1)';
      PINUSE='UNSPEC';
    'P2':
      PIN_NUMBER='(3)';
      PINUSE='UNSPEC';
    'GND1':
      PIN_NUMBER='(2)';
      PINUSE='UNSPEC';
    'GND2':
      PIN_NUMBER='(4)';
      PINUSE='UNSPEC';
  end_pin;
  body
    PART_NAME='XTAL';
    BODY_NAME='XTAL';
    JEDEC_TYPE='XTAL510X330X110M';
    PHYS_DES_PREFIX='Y';
    CLASS='DISCRETE';
  end_body;
end_primitive;

primitive 'XTAL_ABS07';
  pin
    'P1':
      PIN_NUMBER='(1)';
      PINUSE='UNSPEC';
    'P2':
      PIN_NUMBER='(2)';
      PINUSE='UNSPEC';
  end_pin;
  body
    PART_NAME='XTAL';
    BODY_NAME='XTAL';
    JEDEC_TYPE='XTAL320X150X90M';
    PHYS_DES_PREFIX='Y';
    CLASS='DISCRETE';
  end_body;
end_primitive;

primitive 'XTAL_SG531';
  pin
    'OE':
      PIN_NUMBER='(1)';
      INPUT_LOAD='(-0.01,0.01)';
    'GND':
      PIN_NUMBER='(4)';
      PINUSE='GROUND';
      NO_LOAD_CHECK='Both';
      NO_IO_CHECK='Both';
      NO_ASSERT_CHECK='TRUE';
      NO_DIR_CHECK='TRUE';
      ALLOW_CONNECT='TRUE';
    'OUT':
      PIN_NUMBER='(5)';
      OUTPUT_LOAD='(1.0,-1.0)';
    'VCC':
      PIN_NUMBER='(8)';
      PINUSE='POWER';
      NO_LOAD_CHECK='Both';
      NO_IO_CHECK='Both';
      NO_ASSERT_CHECK='TRUE';
      NO_DIR_CHECK='TRUE';
      ALLOW_CONNECT='TRUE';
  end_pin;
  body
    PART_NAME='XTAL';
    BODY_NAME='XTAL';
    JEDEC_TYPE='XTAL_SG531';
    PHYS_DES_PREFIX='Y';
    CLASS='DISCRETE';
  end_body;
end_primitive;

primitive 'XTAL_XTAL_CSM-3X';
  pin
    'P1':
      PIN_NUMBER='(1)';
      PINUSE='UNSPEC';
    'P2':
      PIN_NUMBER='(2)';
      PINUSE='UNSPEC';
  end_pin;
  body
    PART_NAME='XTAL';
    BODY_NAME='XTAL';
    JEDEC_TYPE='XTAL760X410X230M';
    PHYS_DES_PREFIX='Y';
    CLASS='DISCRETE';
  end_body;
end_primitive;

primitive 'XTAL_XTAL_DT26_SMD';
  pin
    'P1':
      PIN_NUMBER='(1)';
      PINUSE='UNSPEC';
    'P2':
      PIN_NUMBER='(2)';
      PINUSE='UNSPEC';
  end_pin;
  body
    PART_NAME='XTAL';
    ALT_SYMBOLS='(xtal_dt26_v_SMD)';
    BODY_NAME='XTAL';
    JEDEC_TYPE='XTAL_DT26_SMD';
    PHYS_DES_PREFIX='Y';
    CLASS='DISCRETE';
  end_body;
end_primitive;

primitive 'XTAL_XTAL_HC-49S';
  pin
    'P1':
      PIN_NUMBER='(1)';
      PINUSE='UNSPEC';
    'P2':
      PIN_NUMBER='(2)';
      PINUSE='UNSPEC';
  end_pin;
  body
    PART_NAME='XTAL';
    BODY_NAME='XTAL';
    JEDEC_TYPE='XTAL_HC-49S';
    PHYS_DES_PREFIX='Y';
    CLASS='DISCRETE';
  end_body;
end_primitive;

primitive 'XTAL_XTAL_CMR200T';
  pin
    'P1':
      PIN_NUMBER='(1)';
      PINUSE='UNSPEC';
    'P2':
      PIN_NUMBER='(2)';
      PINUSE='UNSPEC';
    'GND':
      PIN_NUMBER='(3)';
      PINUSE='GROUND';
      NO_LOAD_CHECK='Both';
      NO_IO_CHECK='Both';
      NO_ASSERT_CHECK='TRUE';
      NO_DIR_CHECK='TRUE';
      ALLOW_CONNECT='TRUE';
  end_pin;
  body
    PART_NAME='XTAL';
    BODY_NAME='XTAL';
    JEDEC_TYPE='XTAL_CMR200T';
    PHYS_DES_PREFIX='Y';
    CLASS='DISCRETE';
  end_body;
end_primitive;

primitive 'XTAL_XTAL_NX2520SA';
  pin
    'P1':
      PIN_NUMBER='(1)';
      PINUSE='UNSPEC';
    'P2':
      PIN_NUMBER='(3)';
      PINUSE='UNSPEC';
    'GND1':
      PIN_NUMBER='(2)';
      PINUSE='UNSPEC';
    'GND2':
      PIN_NUMBER='(4)';
      PINUSE='UNSPEC';
  end_pin;
  body
    PART_NAME='XTAL';
    BODY_NAME='XTAL';
    JEDEC_TYPE='XTAL250X200X055M';
    PHYS_DES_PREFIX='Y';
    CLASS='DISCRETE';
  end_body;
end_primitive;

primitive 'XTAL_XTAL_CSM-4AX';
  pin
    'P1':
      PIN_NUMBER='(1)';
      PINUSE='UNSPEC';
    'P2':
      PIN_NUMBER='(4)';
      PINUSE='UNSPEC';
    'I.C._1':
      PIN_NUMBER='(2)';
      PINUSE='UNSPEC';
    'I.C._2':
      PIN_NUMBER='(3)';
      PINUSE='UNSPEC';
  end_pin;
  body
    PART_NAME='XTAL';
    BODY_NAME='XTAL';
    JEDEC_TYPE='XTAL_CSM-4AX';
    PHYS_DES_PREFIX='Y';
    CLASS='IC';
  end_body;
end_primitive;

primitive 'XTAL_XTAL_CX3225GA';
  pin
    'P1':
      PIN_NUMBER='(1)';
      PINUSE='UNSPEC';
    'P2':
      PIN_NUMBER='(2)';
      PINUSE='UNSPEC';
  end_pin;
  body
    PART_NAME='XTAL';
    BODY_NAME='XTAL';
    JEDEC_TYPE='XTAL_CX3225GA';
    PHYS_DES_PREFIX='Y';
    CLASS='DISCRETE';
  end_body;
end_primitive;

primitive 'XTAL_ABM3C';
  pin
    'P1':
      PIN_NUMBER='(1)';
      PINUSE='UNSPEC';
    'P2':
      PIN_NUMBER='(3)';
      PINUSE='UNSPEC';
    'GND1':
      PIN_NUMBER='(2)';
      PINUSE='UNSPEC';
    'GND2':
      PIN_NUMBER='(4)';
      PINUSE='UNSPEC';
  end_pin;
  body
    PART_NAME='XTAL';
    BODY_NAME='XTAL';
    JEDEC_TYPE='XTAL500X320X130-4M';
    PHYS_DES_PREFIX='U';
    CLASS='IC';
  end_body;
end_primitive;

primitive 'XTAL_XTAL160X120X035-4M';
  pin
    'P1':
      PIN_NUMBER='(1)';
      PINUSE='UNSPEC';
    'P2':
      PIN_NUMBER='(3)';
      PINUSE='UNSPEC';
    'GND1':
      PIN_NUMBER='(2)';
      PINUSE='UNSPEC';
    'GND2':
      PIN_NUMBER='(4)';
      PINUSE='UNSPEC';
  end_pin;
  body
    PART_NAME='XTAL';
    BODY_NAME='XTAL';
    JEDEC_TYPE='XTAL160X120X035-4M';
    PHYS_DES_PREFIX='Y';
    CLASS='DISCRETE';
  end_body;
end_primitive;

primitive 'XTAL_XTAL500X320X100-4M';
  pin
    'P1':
      PIN_NUMBER='(1)';
      PINUSE='UNSPEC';
    'P2':
      PIN_NUMBER='(3)';
      PINUSE='UNSPEC';
    'GND1':
      PIN_NUMBER='(2)';
      PINUSE='UNSPEC';
    'GND2':
      PIN_NUMBER='(4)';
      PINUSE='UNSPEC';
  end_pin;
  body
    PART_NAME='XTAL';
    BODY_NAME='XTAL';
    JEDEC_TYPE='XTAL500X320X100-4M';
    PHYS_DES_PREFIX='Y';
    CLASS='IC';
  end_body;
end_primitive;

primitive 'XTAL_XTAL_CM200C';
  pin
    '1':
      PIN_NUMBER='(1)';
      PINUSE='UNSPEC';
    '4':
      PIN_NUMBER='(4)';
      PINUSE='UNSPEC';
    '3':
      PIN_NUMBER='(3)';
      PINUSE='UNSPEC';
    '2':
      PIN_NUMBER='(2)';
      PINUSE='UNSPEC';
  end_pin;
  body
    PART_NAME='XTAL';
    BODY_NAME='XTAL';
    JEDEC_TYPE='XTAL790X340X250-4M';
    PHYS_DES_PREFIX='Y';
    CLASS='IC';
  end_body;
end_primitive;

primitive 'XTAL_XTAL_HC49SD';
  pin
    'P1':
      PIN_NUMBER='(1)';
      PINUSE='UNSPEC';
    'P2':
      PIN_NUMBER='(2)';
      PINUSE='UNSPEC';
  end_pin;
  body
    PART_NAME='XTAL';
    BODY_NAME='XTAL';
    JEDEC_TYPE='XTAL_HC49SD';
    PHYS_DES_PREFIX='Y';
    CLASS='DISCRETE';
  end_body;
end_primitive;

primitive 'XTAL_XTAL_405';
  pin
    'P1':
      PIN_NUMBER='(1)';
      PINUSE='UNSPEC';
    'GND1':
      PIN_NUMBER='(2)';
      PINUSE='UNSPEC';
    'P2':
      PIN_NUMBER='(3)';
      PINUSE='UNSPEC';
    'GND2':
      PIN_NUMBER='(4)';
      PINUSE='UNSPEC';
  end_pin;
  body
    PART_NAME='XTAL';
    BODY_NAME='XTAL';
    JEDEC_TYPE='XTAL_405';
    PHYS_DES_PREFIX='Y';
    CLASS='DISCRETE';
  end_body;
end_primitive;

primitive 'XTAL_XTAL320X250X080M';
  pin
    'P1':
      PIN_NUMBER='(1)';
      PINUSE='UNSPEC';
    'P2':
      PIN_NUMBER='(3)';
      PINUSE='UNSPEC';
    'NC1':
      PIN_NUMBER='(2)';
      PINUSE='NC';
      NO_LOAD_CHECK='Both';
      NO_IO_CHECK='Both';
      NO_ASSERT_CHECK='TRUE';
      NO_DIR_CHECK='TRUE';
      ALLOW_CONNECT='TRUE';
    'NC2':
      PIN_NUMBER='(4)';
      PINUSE='NC';
      NO_LOAD_CHECK='Both';
      NO_IO_CHECK='Both';
      NO_ASSERT_CHECK='TRUE';
      NO_DIR_CHECK='TRUE';
      ALLOW_CONNECT='TRUE';
  end_pin;
  body
    PART_NAME='XTAL';
    BODY_NAME='XTAL';
    JEDEC_TYPE='XTAL320X250X080M';
    PHYS_DES_PREFIX='Y';
    CLASS='DISCRETE';
  end_body;
end_primitive;

primitive 'XTAL_XTAL_CX3225CA';
  pin
    'P1':
      PIN_NUMBER='(1)';
      PINUSE='UNSPEC';
    'P2':
      PIN_NUMBER='(3)';
      PINUSE='UNSPEC';
    'NC1':
      PIN_NUMBER='(2)';
      PINUSE='NC';
      NO_LOAD_CHECK='Both';
      NO_IO_CHECK='Both';
      NO_ASSERT_CHECK='TRUE';
      NO_DIR_CHECK='TRUE';
      ALLOW_CONNECT='TRUE';
    'NC2':
      PIN_NUMBER='(4)';
      PINUSE='NC';
      NO_LOAD_CHECK='Both';
      NO_IO_CHECK='Both';
      NO_ASSERT_CHECK='TRUE';
      NO_DIR_CHECK='TRUE';
      ALLOW_CONNECT='TRUE';
  end_pin;
  body
    PART_NAME='XTAL';
    BODY_NAME='XTAL';
    JEDEC_TYPE='XTAL_CX3225CA';
    PHYS_DES_PREFIX='Y';
    CLASS='DISCRETE';
  end_body;
end_primitive;

primitive 'XTAL_ABM10';
  pin
    'P1':
      PIN_NUMBER='(1)';
      PINUSE='UNSPEC';
    'P2':
      PIN_NUMBER='(3)';
      PINUSE='UNSPEC';
    'GND1':
      PIN_NUMBER='(2)';
      PINUSE='UNSPEC';
    'GND2':
      PIN_NUMBER='(4)';
      PINUSE='UNSPEC';
  end_pin;
  body
    PART_NAME='XTAL';
    BODY_NAME='XTAL';
    JEDEC_TYPE='XTAL250X200X70-4M';
    PHYS_DES_PREFIX='U';
    CLASS='IC';
  end_body;
end_primitive;

primitive 'XTAL_XTAL320X250X080M_1';
  pin
    'P1':
      PIN_NUMBER='(1)';
      PINUSE='UNSPEC';
    'P2':
      PIN_NUMBER='(3)';
      PINUSE='UNSPEC';
    'GND1':
      PIN_NUMBER='(2)';
      PINUSE='UNSPEC';
    'GND2':
      PIN_NUMBER='(4)';
      PINUSE='UNSPEC';
  end_pin;
  body
    PART_NAME='XTAL';
    BODY_NAME='XTAL';
    JEDEC_TYPE='XTAL320X250X080M';
    PHYS_DES_PREFIX='Y';
    CLASS='DISCRETE';
  end_body;
end_primitive;

primitive 'XTAL_XTAL_ECS-2X6-FLX';
  pin
    'P1':
      PIN_NUMBER='(1)';
      PINUSE='UNSPEC';
    'P2':
      PIN_NUMBER='(2)';
      PINUSE='UNSPEC';
    'P3':
      PIN_NUMBER='(3)';
      PIN_TYPE='ANALOG';
      NO_LOAD_CHECK='Both';
      NO_IO_CHECK='Both';
      NO_ASSERT_CHECK='TRUE';
      NO_DIR_CHECK='TRUE';
      ALLOW_CONNECT='TRUE';
  end_pin;
  body
    PART_NAME='XTAL';
    BODY_NAME='XTAL';
    JEDEC_TYPE='XTAL_ECS-2X6-FLX';
    PHYS_DES_PREFIX='Y';
    CLASS='DISCRETE';
  end_body;
end_primitive;

primitive 'XTAL_XTAL_SSP-T7-F';
  pin
    '1':
      PIN_NUMBER='(1)';
      PINUSE='UNSPEC';
    '4':
      PIN_NUMBER='(4)';
      PINUSE='UNSPEC';
  end_pin;
  body
    PART_NAME='XTAL';
    BODY_NAME='XTAL';
    JEDEC_TYPE='XTAL_SSP-T7-F';
    PHYS_DES_PREFIX='Y';
    CLASS='IC';
  end_body;
end_primitive;

primitive 'XTAL_ABS06';
  pin
    '1':
      PIN_NUMBER='(1)';
      PINUSE='UNSPEC';
    '2':
      PIN_NUMBER='(2)';
      PINUSE='UNSPEC';
  end_pin;
  body
    PART_NAME='XTAL';
    BODY_NAME='XTAL';
    JEDEC_TYPE='XTAL_ABS06';
    PHYS_DES_PREFIX='Y';
    CLASS='DISCRETE';
  end_body;
end_primitive;

primitive 'XTAL_XTAL_SG3030JF';
  pin
    'VIO':
      PIN_NUMBER='(1)';
      PINUSE='POWER';
      NO_LOAD_CHECK='Both';
      NO_IO_CHECK='Both';
      NO_ASSERT_CHECK='TRUE';
      NO_DIR_CHECK='TRUE';
      ALLOW_CONNECT='TRUE';
    'GND':
      PIN_NUMBER='(2)';
      PINUSE='GROUND';
      NO_LOAD_CHECK='Both';
      NO_IO_CHECK='Both';
      NO_ASSERT_CHECK='TRUE';
      NO_DIR_CHECK='TRUE';
      ALLOW_CONNECT='TRUE';
    'OUT':
      PIN_NUMBER='(3)';
      OUTPUT_LOAD='(1.0,-1.0)';
    'VCC':
      PIN_NUMBER='(4)';
      PINUSE='POWER';
      NO_LOAD_CHECK='Both';
      NO_IO_CHECK='Both';
      NO_ASSERT_CHECK='TRUE';
      NO_DIR_CHECK='TRUE';
      ALLOW_CONNECT='TRUE';
  end_pin;
  body
    PART_NAME='XTAL';
    BODY_NAME='XTAL';
    JEDEC_TYPE='XTAL_SG3030JF';
    PHYS_DES_PREFIX='Y';
    CLASS='DISCRETE';
  end_body;
end_primitive;

primitive 'XTAL_XTAL_HC49USSX';
  pin
    'P1':
      PIN_NUMBER='(1)';
      PINUSE='UNSPEC';
    'P2':
      PIN_NUMBER='(2)';
      PINUSE='UNSPEC';
  end_pin;
  body
    PART_NAME='XTAL';
    BODY_NAME='XTAL';
    JEDEC_TYPE='XTAL_HC49USSX';
    PHYS_DES_PREFIX='Y';
    CLASS='DISCRETE';
  end_body;
end_primitive;

primitive 'XTAL_XTAL_ECX-34S';
  pin
    '1':
      PIN_NUMBER='(1)';
      PINUSE='UNSPEC';
    '2':
      PIN_NUMBER='(2)';
      PINUSE='UNSPEC';
  end_pin;
  body
    PART_NAME='XTAL';
    BODY_NAME='XTAL';
    JEDEC_TYPE='XTAL_ECX-34S';
    PHYS_DES_PREFIX='Y';
    CLASS='DISCRETE';
  end_body;
end_primitive;

primitive 'XTAL_XTAL_MJ_SERIES';
  pin
    'P1':
      PIN_NUMBER='(1)';
      PINUSE='UNSPEC';
    'P2':
      PIN_NUMBER='(3)';
      PINUSE='UNSPEC';
    'GND1':
      PIN_NUMBER='(2)';
      PINUSE='UNSPEC';
    'GND2':
      PIN_NUMBER='(4)';
      PINUSE='UNSPEC';
  end_pin;
  body
    PART_NAME='XTAL';
    BODY_NAME='XTAL';
    JEDEC_TYPE='XTAL_MJ_SERIES';
    PHYS_DES_PREFIX='Y';
    CLASS='DISCRETE';
  end_body;
end_primitive;

primitive 'XTAL_ECX-53B';
  pin
    'P1':
      PIN_NUMBER='(1)';
      PINUSE='UNSPEC';
    'P2':
      PIN_NUMBER='(3)';
      PINUSE='UNSPEC';
    'GND1':
      PIN_NUMBER='(2)';
      PINUSE='UNSPEC';
    'GND2':
      PIN_NUMBER='(4)';
      PINUSE='UNSPEC';
  end_pin;
  body
    PART_NAME='XTAL';
    BODY_NAME='XTAL';
    JEDEC_TYPE='XTAL520X340X85M';
    PHYS_DES_PREFIX='Y';
    CLASS='DISCRETE';
  end_body;
end_primitive;

primitive 'XTAL_XTAL320X250X90M';
  pin
    'P1':
      PIN_NUMBER='(1)';
      PINUSE='UNSPEC';
    'P2':
      PIN_NUMBER='(3)';
      PINUSE='UNSPEC';
    'NC1':
      PIN_NUMBER='(2)';
      PINUSE='NC';
      NO_LOAD_CHECK='Both';
      NO_IO_CHECK='Both';
      NO_ASSERT_CHECK='TRUE';
      NO_DIR_CHECK='TRUE';
      ALLOW_CONNECT='TRUE';
    'NC2':
      PIN_NUMBER='(4)';
      PINUSE='NC';
      NO_LOAD_CHECK='Both';
      NO_IO_CHECK='Both';
      NO_ASSERT_CHECK='TRUE';
      NO_DIR_CHECK='TRUE';
      ALLOW_CONNECT='TRUE';
  end_pin;
  body
    PART_NAME='XTAL';
    BODY_NAME='XTAL';
    JEDEC_TYPE='XTAL320X250X90M';
    PHYS_DES_PREFIX='Y';
    CLASS='DISCRETE';
  end_body;
end_primitive;

primitive 'XTAL_XTAL_SC-20S';
  pin
    '1':
      PIN_NUMBER='(1)';
      PINUSE='UNSPEC';
    '2':
      PIN_NUMBER='(2)';
      PINUSE='UNSPEC';
  end_pin;
  body
    PART_NAME='XTAL';
    BODY_NAME='XTAL';
    JEDEC_TYPE='XTAL_SC-20S';
    PHYS_DES_PREFIX='Y';
    CLASS='DISCRETE';
  end_body;
end_primitive;

primitive 'XTAL_XTAL_XRCHA_F_Z';
  pin
    'P1':
      PIN_NUMBER='(1)';
      PINUSE='UNSPEC';
    'P2':
      PIN_NUMBER='(2)';
      PINUSE='UNSPEC';
  end_pin;
  body
    PART_NAME='XTAL';
    BODY_NAME='XTAL';
    JEDEC_TYPE='XTAL_XRCHA_F_Z';
    PHYS_DES_PREFIX='Y';
    CLASS='DISCRETE';
  end_body;
end_primitive;

primitive 'XTAL_XTAL_CX2016DB';
  pin
    'P1':
      PIN_NUMBER='(1)';
      PINUSE='UNSPEC';
    'P2':
      PIN_NUMBER='(3)';
      PINUSE='UNSPEC';
    'GND':
      PIN_NUMBER='(2)';
      PINUSE='GROUND';
      NO_LOAD_CHECK='Both';
      NO_IO_CHECK='Both';
      NO_ASSERT_CHECK='TRUE';
      NO_DIR_CHECK='TRUE';
      ALLOW_CONNECT='TRUE';
    'NC':
      PIN_NUMBER='(4)';
      PINUSE='NC';
      NO_LOAD_CHECK='Both';
      NO_IO_CHECK='Both';
      NO_ASSERT_CHECK='TRUE';
      NO_DIR_CHECK='TRUE';
      ALLOW_CONNECT='TRUE';
  end_pin;
  body
    PART_NAME='XTAL';
    BODY_NAME='XTAL';
    JEDEC_TYPE='XTAL_CX2016DB';
    PHYS_DES_PREFIX='Y';
    CLASS='DISCRETE';
  end_body;
end_primitive;

primitive 'XTAL_ECX-2236';
  pin
    'P1':
      PIN_NUMBER='(1)';
      PINUSE='UNSPEC';
    'P2':
      PIN_NUMBER='(3)';
      PINUSE='UNSPEC';
    'GND1':
      PIN_NUMBER='(2)';
      PINUSE='UNSPEC';
    'GND2':
      PIN_NUMBER='(4)';
      PINUSE='UNSPEC';
  end_pin;
  body
    PART_NAME='XTAL';
    BODY_NAME='XTAL';
    JEDEC_TYPE='OSCCC250X200X65L67X80M';
    PHYS_DES_PREFIX='Y';
    CLASS='DISCRETE';
  end_body;
end_primitive;

primitive 'XTAL_ECX-12';
  pin
    '1':
      PIN_NUMBER='(1)';
      PINUSE='UNSPEC';
    '2':
      PIN_NUMBER='(2)';
      PINUSE='UNSPEC';
  end_pin;
  body
    PART_NAME='XTAL';
    BODY_NAME='XTAL';
    JEDEC_TYPE='XTALDFN2_200X120X60L50X100M';
    PHYS_DES_PREFIX='Y';
    CLASS='DISCRETE';
  end_body;
end_primitive;

primitive 'XTAL_SG-210STF';
  pin
    '/ST':
      PIN_NUMBER='(1)';
      OUTPUT_LOAD='(1.0,-1.0)';
    'GND':
      PIN_NUMBER='(2)';
      PINUSE='GROUND';
      NO_LOAD_CHECK='Both';
      NO_IO_CHECK='Both';
      NO_ASSERT_CHECK='TRUE';
      NO_DIR_CHECK='TRUE';
      ALLOW_CONNECT='TRUE';
    'OUT':
      PIN_NUMBER='(3)';
      OUTPUT_LOAD='(1.0,-1.0)';
    'VCC':
      PIN_NUMBER='(4)';
      PINUSE='POWER';
      NO_LOAD_CHECK='Both';
      NO_IO_CHECK='Both';
      NO_ASSERT_CHECK='TRUE';
      NO_DIR_CHECK='TRUE';
      ALLOW_CONNECT='TRUE';
  end_pin;
  body
    PART_NAME='XTAL';
    BODY_NAME='XTAL';
    JEDEC_TYPE='OSCCC250X200X90L70X80';
    PHYS_DES_PREFIX='Y';
    CLASS='DISCRETE';
  end_body;
end_primitive;

primitive 'XTAL_XTALDFN160X100X50-2';
  pin
    '1':
      PIN_NUMBER='(1)';
      PINUSE='UNSPEC';
    '2':
      PIN_NUMBER='(2)';
      PINUSE='UNSPEC';
  end_pin;
  body
    PART_NAME='XTAL';
    BODY_NAME='XTAL';
    JEDEC_TYPE='XTALDFN160X100X50-2';
    PHYS_DES_PREFIX='Y';
    CLASS='DISCRETE';
  end_body;
end_primitive;

primitive 'XTAL_XTAL_XRCGB-F-A';
  pin
    'P1':
      PIN_NUMBER='(1)';
      PINUSE='UNSPEC';
    'P2':
      PIN_NUMBER='(3)';
      PINUSE='UNSPEC';
    'GND1':
      PIN_NUMBER='(2)';
      PINUSE='UNSPEC';
    'GND2':
      PIN_NUMBER='(4)';
      PINUSE='UNSPEC';
  end_pin;
  body
    PART_NAME='XTAL';
    BODY_NAME='XTAL';
    JEDEC_TYPE='OSC_XRCGB-F-A';
    PHYS_DES_PREFIX='Y';
    CLASS='DISCRETE';
  end_body;
end_primitive;

primitive 'XTAL_XTAL_HC49S';
  pin
    'P1':
      PIN_NUMBER='(1)';
      PINUSE='UNSPEC';
    'P2':
      PIN_NUMBER='(2)';
      PINUSE='UNSPEC';
  end_pin;
  body
    PART_NAME='XTAL';
    BODY_NAME='XTAL';
    JEDEC_TYPE='XTAL1199X381X400D1350L381X102M';
    PHYS_DES_PREFIX='Y';
    CLASS='DISCRETE';
  end_body;
end_primitive;

primitive 'XTAL_XTAL_9HT10';
  pin
    'P1':
      PIN_NUMBER='(1)';
      PINUSE='UNSPEC';
    'P2':
      PIN_NUMBER='(2)';
      PINUSE='UNSPEC';
  end_pin;
  body
    PART_NAME='XTAL';
    BODY_NAME='XTAL';
    JEDEC_TYPE='XTAL320X150X90M';
    PHYS_DES_PREFIX='Y';
    CLASS='DISCRETE';
  end_body;
end_primitive;

primitive 'XTAL_XTAL500X320X130-4M';
  pin
    'P1':
      PIN_NUMBER='(1)';
      PINUSE='UNSPEC';
    'P2':
      PIN_NUMBER='(3)';
      PINUSE='UNSPEC';
    'GND1':
      PIN_NUMBER='(2)';
      PINUSE='UNSPEC';
    'GND2':
      PIN_NUMBER='(4)';
      PINUSE='UNSPEC';
  end_pin;
  body
    PART_NAME='XTAL';
    BODY_NAME='XTAL';
    JEDEC_TYPE='XTAL500X320X130-4M';
    PHYS_DES_PREFIX='Y';
    CLASS='DISCRETE';
  end_body;
end_primitive;

primitive 'XTAL_XTAL_KX321';
  pin
    'GND':
      PIN_NUMBER='(2)';
      PINUSE='GROUND';
      NO_LOAD_CHECK='Both';
      NO_IO_CHECK='Both';
      NO_ASSERT_CHECK='TRUE';
      NO_DIR_CHECK='TRUE';
      ALLOW_CONNECT='TRUE';
    'OE':
      PIN_NUMBER='(1)';
      INPUT_LOAD='(-0.01,0.01)';
    'OUT':
      PIN_NUMBER='(3)';
      OUTPUT_LOAD='(1.0,-1.0)';
    'VDD':
      PIN_NUMBER='(4)';
      PINUSE='POWER';
      NO_LOAD_CHECK='Both';
      NO_IO_CHECK='Both';
      NO_ASSERT_CHECK='TRUE';
      NO_DIR_CHECK='TRUE';
      ALLOW_CONNECT='TRUE';
  end_pin;
  body
    PART_NAME='XTAL';
    BODY_NAME='XTAL';
    JEDEC_TYPE='OSCCC320X250X115M';
    PHYS_DES_PREFIX='Y';
    CLASS='DISCRETE';
  end_body;
end_primitive;

primitive 'XTAL_XTAL250X200X85M';
  pin
    'P1':
      PIN_NUMBER='(1)';
      PINUSE='UNSPEC';
    'P2':
      PIN_NUMBER='(3)';
      PINUSE='UNSPEC';
    'NC1':
      PIN_NUMBER='(2)';
      PINUSE='NC';
      NO_LOAD_CHECK='Both';
      NO_IO_CHECK='Both';
      NO_ASSERT_CHECK='TRUE';
      NO_DIR_CHECK='TRUE';
      ALLOW_CONNECT='TRUE';
    'NC2':
      PIN_NUMBER='(4)';
      PINUSE='NC';
      NO_LOAD_CHECK='Both';
      NO_IO_CHECK='Both';
      NO_ASSERT_CHECK='TRUE';
      NO_DIR_CHECK='TRUE';
      ALLOW_CONNECT='TRUE';
  end_pin;
  body
    PART_NAME='XTAL';
    BODY_NAME='XTAL';
    JEDEC_TYPE='XTAL250X200X85M';
    PHYS_DES_PREFIX='Y';
    CLASS='DISCRETE';
  end_body;
end_primitive;

primitive 'XTAL_XTAL500X320X85M';
  pin
    'P1':
      PIN_NUMBER='(1)';
      PINUSE='UNSPEC';
    'P2':
      PIN_NUMBER='(3)';
      PINUSE='UNSPEC';
    'GND1':
      PIN_NUMBER='(2)';
      PINUSE='UNSPEC';
    'GND2':
      PIN_NUMBER='(4)';
      PINUSE='UNSPEC';
  end_pin;
  body
    PART_NAME='XTAL';
    BODY_NAME='XTAL';
    JEDEC_TYPE='XTAL500X320X85M';
    PHYS_DES_PREFIX='Y';
    CLASS='DISCRETE';
  end_body;
end_primitive;

primitive 'XTAL_XTAL_IT3200C';
  pin
    'GND_1':
      PIN_NUMBER='(1)';
      PINUSE='GROUND';
      NO_LOAD_CHECK='Both';
      NO_IO_CHECK='Both';
      NO_ASSERT_CHECK='TRUE';
      NO_DIR_CHECK='TRUE';
      ALLOW_CONNECT='TRUE';
    'NC_1':
      PIN_NUMBER='(2)';
      PINUSE='NC';
      NO_LOAD_CHECK='Both';
      NO_IO_CHECK='Both';
      NO_ASSERT_CHECK='TRUE';
      NO_DIR_CHECK='TRUE';
      ALLOW_CONNECT='TRUE';
    'GND_2':
      PIN_NUMBER='(3)';
      PINUSE='GROUND';
      NO_LOAD_CHECK='Both';
      NO_IO_CHECK='Both';
      NO_ASSERT_CHECK='TRUE';
      NO_DIR_CHECK='TRUE';
      ALLOW_CONNECT='TRUE';
    'OUT':
      PIN_NUMBER='(4)';
      OUTPUT_LOAD='(1.0,-1.0)';
    'NC_2':
      PIN_NUMBER='(5)';
      PINUSE='NC';
      NO_LOAD_CHECK='Both';
      NO_IO_CHECK='Both';
      NO_ASSERT_CHECK='TRUE';
      NO_DIR_CHECK='TRUE';
      ALLOW_CONNECT='TRUE';
    'VDD':
      PIN_NUMBER='(6)';
      PINUSE='POWER';
      NO_LOAD_CHECK='Both';
      NO_IO_CHECK='Both';
      NO_ASSERT_CHECK='TRUE';
      NO_DIR_CHECK='TRUE';
      ALLOW_CONNECT='TRUE';
  end_pin;
  body
    PART_NAME='XTAL';
    BODY_NAME='XTAL';
    JEDEC_TYPE='XTAL_IT3200C';
    PHYS_DES_PREFIX='Y';
    CLASS='DISCRETE';
  end_body;
end_primitive;

primitive 'XTAL_XTAL_EXD14B-00462';
  pin
    'P1':
      PIN_NUMBER='(1)';
      PINUSE='UNSPEC';
    'P2':
      PIN_NUMBER='(2)';
      PINUSE='UNSPEC';
  end_pin;
  body
    PART_NAME='XTAL';
    BODY_NAME='XTAL';
    JEDEC_TYPE='XTAL_EXD14B-00462';
    PHYS_DES_PREFIX='Y';
    CLASS='DISCRETE';
  end_body;
end_primitive;

primitive 'XTAL_XTAL_AH';
  pin
    '1':
      PIN_NUMBER='(1)';
      PINUSE='UNSPEC';
    '2':
      PIN_NUMBER='(2)';
      PINUSE='UNSPEC';
  end_pin;
  body
    PART_NAME='XTAL';
    BODY_NAME='XTAL';
    JEDEC_TYPE='XTAL320X150X90M';
    PHYS_DES_PREFIX='Y';
    CLASS='DISCRETE';
  end_body;
end_primitive;

primitive 'XTAL_XTAL_CSTCW_X';
  pin
    '1':
      PIN_NUMBER='(1)';
      PINUSE='UNSPEC';
    '2':
      PIN_NUMBER='(2)';
      PINUSE='UNSPEC';
    '3':
      PIN_NUMBER='(3)';
      PINUSE='UNSPEC';
  end_pin;
  body
    PART_NAME='XTAL';
    BODY_NAME='XTAL';
    JEDEC_TYPE='XTAL_CSTCW_X';
    PHYS_DES_PREFIX='Y';
    CLASS='DISCRETE';
  end_body;
end_primitive;

primitive 'XTAL_OSCCC250X200X60M';
  pin
    'P1':
      PIN_NUMBER='(1)';
      PINUSE='UNSPEC';
    'P2':
      PIN_NUMBER='(3)';
      PINUSE='UNSPEC';
    'GND1':
      PIN_NUMBER='(2)';
      PINUSE='UNSPEC';
    'GND2':
      PIN_NUMBER='(4)';
      PINUSE='UNSPEC';
  end_pin;
  body
    PART_NAME='XTAL';
    BODY_NAME='XTAL';
    JEDEC_TYPE='OSCCC250X200X60M';
    PHYS_DES_PREFIX='Y';
    CLASS='DISCRETE';
  end_body;
end_primitive;

primitive 'XTAL_XTAL_NX3225GD';
  pin
    'P1':
      PIN_NUMBER='(1)';
      PINUSE='UNSPEC';
    'P2':
      PIN_NUMBER='(2)';
      PINUSE='UNSPEC';
  end_pin;
  body
    PART_NAME='XTAL';
    BODY_NAME='XTAL';
    JEDEC_TYPE='XTAL_NX3225GD';
    PHYS_DES_PREFIX='Y';
    CLASS='DISCRETE';
  end_body;
end_primitive;

primitive 'XTAL_ECS-13X';
  pin
    'P1':
      PIN_NUMBER='(1)';
      PINUSE='UNSPEC';
    'P2':
      PIN_NUMBER='(2)';
      PINUSE='UNSPEC';
  end_pin;
  body
    PART_NAME='XTAL';
    BODY_NAME='XTAL';
    JEDEC_TYPE='XTAL_HC49P70W26L310T210H620';
    PHYS_DES_PREFIX='Y';
    CLASS='DISCRETE';
  end_body;
end_primitive;

primitive 'XTAL_XTAL_ABLS7M2';
  pin
    'P1':
      PIN_NUMBER='(1)';
      PINUSE='UNSPEC';
    'P2':
      PIN_NUMBER='(2)';
      PINUSE='UNSPEC';
  end_pin;
  body
    PART_NAME='XTAL';
    BODY_NAME='XTAL';
    JEDEC_TYPE='XTAL700X410X200M';
    PHYS_DES_PREFIX='Y';
    CLASS='DISCRETE';
  end_body;
end_primitive;

primitive 'XTAL_XTALDFN160X100X50-2M';
  pin
    '1':
      PIN_NUMBER='(1)';
      PINUSE='UNSPEC';
    '2':
      PIN_NUMBER='(2)';
      PINUSE='UNSPEC';
  end_pin;
  body
    PART_NAME='XTAL';
    BODY_NAME='XTAL';
    JEDEC_TYPE='XTALDFN160X100X50-2M';
    PHYS_DES_PREFIX='Y';
    CLASS='DISCRETE';
  end_body;
end_primitive;

primitive 'XTAL_XTAL_KT2016_VCTCXO';
  pin
    'GND':
      PIN_NUMBER='(2)';
      PINUSE='GROUND';
      NO_LOAD_CHECK='Both';
      NO_IO_CHECK='Both';
      NO_ASSERT_CHECK='TRUE';
      NO_DIR_CHECK='TRUE';
      ALLOW_CONNECT='TRUE';
    'OUT':
      PIN_NUMBER='(3)';
      OUTPUT_LOAD='(1.0,-1.0)';
    'VCC':
      PIN_NUMBER='(4)';
      PINUSE='POWER';
      NO_LOAD_CHECK='Both';
      NO_IO_CHECK='Both';
      NO_ASSERT_CHECK='TRUE';
      NO_DIR_CHECK='TRUE';
      ALLOW_CONNECT='TRUE';
    'VCON':
      PIN_NUMBER='(1)';
      PINUSE='GROUND';
      NO_LOAD_CHECK='Both';
      NO_IO_CHECK='Both';
      NO_ASSERT_CHECK='TRUE';
      NO_DIR_CHECK='TRUE';
      ALLOW_CONNECT='TRUE';
  end_pin;
  body
    PART_NAME='XTAL';
    BODY_NAME='XTAL';
    JEDEC_TYPE='OSCCC200X160X80M';
    PHYS_DES_PREFIX='Y';
    CLASS='DISCRETE';
  end_body;
end_primitive;

primitive 'XTAL_XTAL_KT2016_TCXO';
  pin
    'GND_1':
      PIN_NUMBER='(1)';
      PINUSE='GROUND';
      NO_LOAD_CHECK='Both';
      NO_IO_CHECK='Both';
      NO_ASSERT_CHECK='TRUE';
      NO_DIR_CHECK='TRUE';
      ALLOW_CONNECT='TRUE';
    'GND':
      PIN_NUMBER='(2)';
      PINUSE='GROUND';
      NO_LOAD_CHECK='Both';
      NO_IO_CHECK='Both';
      NO_ASSERT_CHECK='TRUE';
      NO_DIR_CHECK='TRUE';
      ALLOW_CONNECT='TRUE';
    'OUT':
      PIN_NUMBER='(3)';
      OUTPUT_LOAD='(1.0,-1.0)';
    'VCC':
      PIN_NUMBER='(4)';
      PINUSE='POWER';
      NO_LOAD_CHECK='Both';
      NO_IO_CHECK='Both';
      NO_ASSERT_CHECK='TRUE';
      NO_DIR_CHECK='TRUE';
      ALLOW_CONNECT='TRUE';
  end_pin;
  body
    PART_NAME='XTAL';
    BODY_NAME='XTAL';
    JEDEC_TYPE='OSCCC200X160X80M';
    PHYS_DES_PREFIX='Y';
    CLASS='DISCRETE';
  end_body;
end_primitive;

primitive 'XTAL_XTAL_FA-20H';
  pin
    'P1':
      PIN_NUMBER='(1)';
      PINUSE='UNSPEC';
    'P2':
      PIN_NUMBER='(3)';
      PINUSE='UNSPEC';
    'NC1':
      PIN_NUMBER='(2)';
      PINUSE='NC';
      NO_LOAD_CHECK='Both';
      NO_IO_CHECK='Both';
      NO_ASSERT_CHECK='TRUE';
      NO_DIR_CHECK='TRUE';
      ALLOW_CONNECT='TRUE';
    'NC2':
      PIN_NUMBER='(4)';
      PINUSE='NC';
      NO_LOAD_CHECK='Both';
      NO_IO_CHECK='Both';
      NO_ASSERT_CHECK='TRUE';
      NO_DIR_CHECK='TRUE';
      ALLOW_CONNECT='TRUE';
  end_pin;
  body
    PART_NAME='XTAL';
    BODY_NAME='XTAL';
    JEDEC_TYPE='OSCCC250X200X55M';
    PHYS_DES_PREFIX='Y';
    CLASS='DISCRETE';
  end_body;
end_primitive;

primitive 'XTAL_TH';
  pin
    'P1':
      PIN_NUMBER='(1)';
      PINUSE='UNSPEC';
    'P2':
      PIN_NUMBER='(2)';
      PINUSE='UNSPEC';
  end_pin;
  body
    PART_NAME='XTAL';
    BODY_NAME='XTAL';
    JEDEC_TYPE='XTAL_C-002RX_2-54';
    PHYS_DES_PREFIX='Y';
    CLASS='DISCRETE';
  end_body;
end_primitive;

primitive 'XTAL_XTAL600X350X120-4M';
  pin
    'P1':
      PIN_NUMBER='(1)';
      PINUSE='UNSPEC';
    'P2':
      PIN_NUMBER='(3)';
      PINUSE='UNSPEC';
    'GND1':
      PIN_NUMBER='(2)';
      PINUSE='UNSPEC';
    'GND2':
      PIN_NUMBER='(4)';
      PINUSE='UNSPEC';
  end_pin;
  body
    PART_NAME='XTAL';
    BODY_NAME='XTAL';
    JEDEC_TYPE='CRYS_XTAL600X350X120-4M';
    PHYS_DES_PREFIX='U';
    CLASS='IC';
  end_body;
end_primitive;

primitive 'XTAL_XTAL_YSX531SL';
  pin
    'P1':
      PIN_NUMBER='(1)';
      PINUSE='UNSPEC';
    'P2':
      PIN_NUMBER='(3)';
      PINUSE='UNSPEC';
    'GND1':
      PIN_NUMBER='(2)';
      PINUSE='UNSPEC';
    'GND2':
      PIN_NUMBER='(4)';
      PINUSE='UNSPEC';
  end_pin;
  body
    PART_NAME='XTAL';
    BODY_NAME='XTAL';
    JEDEC_TYPE='XTAL_YSX531SL';
    PHYS_DES_PREFIX='Y';
    CLASS='IC';
  end_body;
end_primitive;

primitive 'XTAL_XTAL320X150X90M';
  pin
    'P1':
      PIN_NUMBER='(1)';
      PINUSE='UNSPEC';
    'P2':
      PIN_NUMBER='(2)';
      PINUSE='UNSPEC';
  end_pin;
  body
    PART_NAME='XTAL';
    BODY_NAME='XTAL';
    JEDEC_TYPE='XTAL_C-002RX_2-54';
    PHYS_DES_PREFIX='Y';
    CLASS='DISCRETE';
  end_body;
end_primitive;

primitive 'XTAL_XTAL500X320X130M';
  pin
    'P1':
      PIN_NUMBER='(1)';
      PINUSE='UNSPEC';
    'P2':
      PIN_NUMBER='(2)';
      PINUSE='UNSPEC';
  end_pin;
  body
    PART_NAME='XTAL';
    BODY_NAME='XTAL';
    JEDEC_TYPE='XTAL500X320X130M';
    PHYS_DES_PREFIX='Y';
    CLASS='DISCRETE';
  end_body;
end_primitive;

primitive 'XTAL_XTAL1130X470X410M';
  pin
    '1':
      PIN_NUMBER='(1)';
      PINUSE='UNSPEC';
    '4':
      PIN_NUMBER='(4)';
      PINUSE='UNSPEC';
  end_pin;
  body
    PART_NAME='XTAL';
    BODY_NAME='XTAL';
    JEDEC_TYPE='XTAL1130X470X410M';
    PHYS_DES_PREFIX='Y';
    CLASS='DISCRETE';
    CDS_LMAN_UNMAPPED_PHYS_PIN='(2)';
  end_body;
end_primitive;

primitive 'XTAL_XTAL_ASE';
  pin
    'GND':
      PIN_NUMBER='(2)';
      PINUSE='GROUND';
      NO_LOAD_CHECK='Both';
      NO_IO_CHECK='Both';
      NO_ASSERT_CHECK='TRUE';
      NO_DIR_CHECK='TRUE';
      ALLOW_CONNECT='TRUE';
    'OUT':
      PIN_NUMBER='(3)';
      OUTPUT_LOAD='(1.0,-1.0)';
    'STBY':
      PIN_NUMBER='(1)';
      PINUSE='POWER';
      NO_LOAD_CHECK='Both';
      NO_IO_CHECK='Both';
      NO_ASSERT_CHECK='TRUE';
      NO_DIR_CHECK='TRUE';
      ALLOW_CONNECT='TRUE';
    'VDD':
      PIN_NUMBER='(4)';
      PINUSE='POWER';
      NO_LOAD_CHECK='Both';
      NO_IO_CHECK='Both';
      NO_ASSERT_CHECK='TRUE';
      NO_DIR_CHECK='TRUE';
      ALLOW_CONNECT='TRUE';
  end_pin;
  body
    PART_NAME='XTAL';
    BODY_NAME='XTAL';
    JEDEC_TYPE='OSCCC320X250X120M';
    PHYS_DES_PREFIX='Y';
    CLASS='DISCRETE';
  end_body;
end_primitive;

primitive 'XTAL_XTAL1160X485X320M';
  pin
    '1':
      PIN_NUMBER='(1)';
      PINUSE='UNSPEC';
    '4':
      PIN_NUMBER='(4)';
      PINUSE='UNSPEC';
  end_pin;
  body
    PART_NAME='XTAL';
    BODY_NAME='XTAL';
    JEDEC_TYPE='XTAL1160X485X320M';
    PHYS_DES_PREFIX='Y';
    CLASS='DISCRETE';
    CDS_LMAN_UNMAPPED_PHYS_PIN='(2)';
  end_body;
end_primitive;

primitive 'XTAL_XTAL_QESM05';
  pin
    'P1':
      PIN_NUMBER='(1)';
      PINUSE='UNSPEC';
    'P2':
      PIN_NUMBER='(3)';
      PINUSE='UNSPEC';
    'NC1':
      PIN_NUMBER='(2)';
      PINUSE='NC';
      NO_LOAD_CHECK='Both';
      NO_IO_CHECK='Both';
      NO_ASSERT_CHECK='TRUE';
      NO_DIR_CHECK='TRUE';
      ALLOW_CONNECT='TRUE';
    'NC2':
      PIN_NUMBER='(4)';
      PINUSE='NC';
      NO_LOAD_CHECK='Both';
      NO_IO_CHECK='Both';
      NO_ASSERT_CHECK='TRUE';
      NO_DIR_CHECK='TRUE';
      ALLOW_CONNECT='TRUE';
  end_pin;
  body
    PART_NAME='XTAL';
    BODY_NAME='XTAL';
    JEDEC_TYPE='XTAL_QESM05';
    PHYS_DES_PREFIX='Y';
    CLASS='DISCRETE';
  end_body;
end_primitive;

primitive 'XTAL_XTAL_CSM-7X';
  pin
    'P1':
      PIN_NUMBER='(1)';
      PINUSE='UNSPEC';
    'P2':
      PIN_NUMBER='(2)';
      PINUSE='UNSPEC';
  end_pin;
  body
    PART_NAME='XTAL';
    BODY_NAME='XTAL';
    JEDEC_TYPE='XTAL1150X480X430M';
    PHYS_DES_PREFIX='Y';
    CLASS='DISCRETE';
  end_body;
end_primitive;

primitive 'XTAL_XTALDFN320X250X100-2M';
  pin
    'P1':
      PIN_NUMBER='(1)';
      PINUSE='UNSPEC';
    'P2':
      PIN_NUMBER='(2)';
      PINUSE='UNSPEC';
  end_pin;
  body
    PART_NAME='XTAL';
    BODY_NAME='XTAL';
    JEDEC_TYPE='XTALDFN320X250X100-2M';
    PHYS_DES_PREFIX='Y';
    CLASS='DISCRETE';
  end_body;
end_primitive;

primitive 'XTAL_XTAL_FH';
  pin
    'P1':
      PIN_NUMBER='(1)';
      PINUSE='UNSPEC';
    'P2':
      PIN_NUMBER='(3)';
      PINUSE='UNSPEC';
    'NC1':
      PIN_NUMBER='(2)';
      PINUSE='NC';
      NO_LOAD_CHECK='Both';
      NO_IO_CHECK='Both';
      NO_ASSERT_CHECK='TRUE';
      NO_DIR_CHECK='TRUE';
      ALLOW_CONNECT='TRUE';
    'NC2':
      PIN_NUMBER='(4)';
      PINUSE='NC';
      NO_LOAD_CHECK='Both';
      NO_IO_CHECK='Both';
      NO_ASSERT_CHECK='TRUE';
      NO_DIR_CHECK='TRUE';
      ALLOW_CONNECT='TRUE';
  end_pin;
  body
    PART_NAME='XTAL';
    BODY_NAME='XTAL';
    JEDEC_TYPE='XTAL250X200X70-4M';
    PHYS_DES_PREFIX='Y';
    CLASS='DISCRETE';
  end_body;
end_primitive;

primitive 'XTAL_XTAL_NX2012SA';
  pin
    '1':
      PIN_NUMBER='(1)';
      PINUSE='UNSPEC';
    '2':
      PIN_NUMBER='(2)';
      PINUSE='UNSPEC';
  end_pin;
  body
    PART_NAME='XTAL';
    BODY_NAME='XTAL';
    JEDEC_TYPE='XTAL_NX2012SA';
    PHYS_DES_PREFIX='Y';
    CLASS='DISCRETE';
  end_body;
end_primitive;

primitive 'XTAL_SMT';
  pin
    '1':
      PIN_NUMBER='(1)';
      PINUSE='UNSPEC';
    '2':
      PIN_NUMBER='(2)';
      PINUSE='UNSPEC';
  end_pin;
  body
    PART_NAME='XTAL';
    BODY_NAME='XTAL';
    JEDEC_TYPE='XTAL_NX2012SA';
    PHYS_DES_PREFIX='Y';
    CLASS='DISCRETE';
  end_body;
end_primitive;

primitive 'XTAL_ABM11';
  pin
    'P1':
      PIN_NUMBER='(1)';
      PINUSE='UNSPEC';
    'P2':
      PIN_NUMBER='(3)';
      PINUSE='UNSPEC';
    'GND1':
      PIN_NUMBER='(2)';
      PINUSE='UNSPEC';
    'GND2':
      PIN_NUMBER='(4)';
      PINUSE='UNSPEC';
  end_pin;
  body
    PART_NAME='XTAL';
    BODY_NAME='XTAL';
    JEDEC_TYPE='XTAL250X200X70-4M';
    PHYS_DES_PREFIX='U';
    CLASS='IC';
  end_body;
end_primitive;

END.
