FILE_TYPE=LIBRARY_PARTS;
primitive 'EK_RES_SMD_0201_FF';
  pin
    '1':
      PIN_NUMBER='(1)';
      PINUSE='UNSPEC';
      PIN_GROUP='val 1';
      NO_LOAD_CHECK='Both';
      NO_IO_CHECK='Both';
      NO_ASSERT_CHECK='TRUE';
      NO_DIR_CHECK='TRUE';
      ALLOW_CONNECT='TRUE';
    '2':
      PIN_NUMBER='(2)';
      PINUSE='UNSPEC';
      PIN_GROUP='val 1';
      NO_LOAD_CHECK='Both';
      NO_IO_CHECK='Both';
      NO_ASSERT_CHECK='TRUE';
      NO_DIR_CHECK='TRUE';
      ALLOW_CONNECT='TRUE';
  end_pin;
  body
    PART_NAME='EK_RES_SMD';
    BODY_NAME='EK_RES_SMD';
    JEDEC_TYPE='RESC0603X23L';
    PHYS_DES_PREFIX='R';
    CLASS='DISCRETE';
  end_body;
end_primitive;

primitive 'EK_RES_SMD_0402_FF';
  pin
    '1':
      PIN_NUMBER='(1)';
      PINUSE='UNSPEC';
      PIN_GROUP='val 1';
      NO_LOAD_CHECK='Both';
      NO_IO_CHECK='Both';
      NO_ASSERT_CHECK='TRUE';
      NO_DIR_CHECK='TRUE';
      ALLOW_CONNECT='TRUE';
    '2':
      PIN_NUMBER='(2)';
      PINUSE='UNSPEC';
      PIN_GROUP='val 1';
      NO_LOAD_CHECK='Both';
      NO_IO_CHECK='Both';
      NO_ASSERT_CHECK='TRUE';
      NO_DIR_CHECK='TRUE';
      ALLOW_CONNECT='TRUE';
  end_pin;
  body
    PART_NAME='EK_RES_SMD';
    BODY_NAME='EK_RES_SMD';
    JEDEC_TYPE='RESC1005X50L';
    PHYS_DES_PREFIX='R';
    CLASS='DISCRETE';
  end_body;
end_primitive;

primitive 'EK_RES_SMD_0208_FF';
  pin
    '1':
      PIN_NUMBER='(1)';
      PINUSE='UNSPEC';
      PIN_GROUP='val 1';
      NO_LOAD_CHECK='Both';
      NO_IO_CHECK='Both';
      NO_ASSERT_CHECK='TRUE';
      NO_DIR_CHECK='TRUE';
      ALLOW_CONNECT='TRUE';
    '2':
      PIN_NUMBER='(2)';
      PINUSE='UNSPEC';
      PIN_GROUP='val 1';
      NO_LOAD_CHECK='Both';
      NO_IO_CHECK='Both';
      NO_ASSERT_CHECK='TRUE';
      NO_DIR_CHECK='TRUE';
      ALLOW_CONNECT='TRUE';
  end_pin;
  body
    PART_NAME='EK_RES_SMD';
    BODY_NAME='EK_RES_SMD';
    JEDEC_TYPE='RESC0520X35L';
    PHYS_DES_PREFIX='R';
    CLASS='DISCRETE';
  end_body;
end_primitive;

primitive 'EK_RES_SMD_0603_FF';
  pin
    '2':
      PIN_NUMBER='(2)';
      PINUSE='UNSPEC';
      PIN_GROUP='val 1';
      NO_LOAD_CHECK='Both';
      NO_IO_CHECK='Both';
      NO_ASSERT_CHECK='TRUE';
      NO_DIR_CHECK='TRUE';
      ALLOW_CONNECT='TRUE';
    '1':
      PIN_NUMBER='(1)';
      PINUSE='UNSPEC';
      PIN_GROUP='val 1';
      NO_LOAD_CHECK='Both';
      NO_IO_CHECK='Both';
      NO_ASSERT_CHECK='TRUE';
      NO_DIR_CHECK='TRUE';
      ALLOW_CONNECT='TRUE';
  end_pin;
  body
    PART_NAME='EK_RES_SMD';
    BODY_NAME='EK_RES_SMD';
    JEDEC_TYPE='RESC1608X90L';
    PHYS_DES_PREFIX='R';
    CLASS='DISCRETE';
  end_body;
end_primitive;

primitive 'EK_RES_SMD_0805_FF';
  pin
    '2':
      PIN_NUMBER='(2)';
      PINUSE='UNSPEC';
      PIN_GROUP='val 1';
      NO_LOAD_CHECK='Both';
      NO_IO_CHECK='Both';
      NO_ASSERT_CHECK='TRUE';
      NO_DIR_CHECK='TRUE';
      ALLOW_CONNECT='TRUE';
    '1':
      PIN_NUMBER='(1)';
      PINUSE='UNSPEC';
      PIN_GROUP='val 1';
      NO_LOAD_CHECK='Both';
      NO_IO_CHECK='Both';
      NO_ASSERT_CHECK='TRUE';
      NO_DIR_CHECK='TRUE';
      ALLOW_CONNECT='TRUE';
  end_pin;
  body
    PART_NAME='EK_RES_SMD';
    BODY_NAME='EK_RES_SMD';
    JEDEC_TYPE='RESC2012X45L';
    PHYS_DES_PREFIX='R';
    CLASS='DISCRETE';
  end_body;
end_primitive;

primitive 'EK_RES_SMD_1206_FF';
  pin
    '2':
      PIN_NUMBER='(2)';
      PINUSE='UNSPEC';
      PIN_GROUP='val 1';
      NO_LOAD_CHECK='Both';
      NO_IO_CHECK='Both';
      NO_ASSERT_CHECK='TRUE';
      NO_DIR_CHECK='TRUE';
      ALLOW_CONNECT='TRUE';
    '1':
      PIN_NUMBER='(1)';
      PINUSE='UNSPEC';
      PIN_GROUP='val 1';
      NO_LOAD_CHECK='Both';
      NO_IO_CHECK='Both';
      NO_ASSERT_CHECK='TRUE';
      NO_DIR_CHECK='TRUE';
      ALLOW_CONNECT='TRUE';
  end_pin;
  body
    PART_NAME='EK_RES_SMD';
    BODY_NAME='EK_RES_SMD';
    JEDEC_TYPE='RESC2012X45L';
    PHYS_DES_PREFIX='R';
    CLASS='DISCRETE';
  end_body;
end_primitive;

primitive 'EK_RES_SMD_0201';
  pin
    '2':
      PIN_NUMBER='(2)';
      PINUSE='UNSPEC';
      PIN_GROUP='val 1';
      NO_LOAD_CHECK='Both';
      NO_IO_CHECK='Both';
      NO_ASSERT_CHECK='TRUE';
      NO_DIR_CHECK='TRUE';
      ALLOW_CONNECT='TRUE';
    '1':
      PIN_NUMBER='(1)';
      PINUSE='UNSPEC';
      PIN_GROUP='val 1';
      NO_LOAD_CHECK='Both';
      NO_IO_CHECK='Both';
      NO_ASSERT_CHECK='TRUE';
      NO_DIR_CHECK='TRUE';
      ALLOW_CONNECT='TRUE';
  end_pin;
  body
    PART_NAME='EK_RES_SMD';
    BODY_NAME='EK_RES_SMD';
    JEDEC_TYPE='EK_0201L';
    PHYS_DES_PREFIX='R';
    CLASS='DISCRETE';
  end_body;
end_primitive;

primitive 'EK_RES_SMD_01005';
  pin
  end_pin;
  body
    PART_NAME='EK_RES_SMD';
    BODY_NAME='EK_RES_SMD';
    JEDEC_TYPE='EVKIT_RES_FOOTPRINT';
    PHYS_DES_PREFIX='R';
    CLASS='MECHANICAL';
    CDS_LMAN_UNMAPPED_PHYS_PIN='(1)';
  end_body;
end_primitive;

primitive 'EK_RES_SMD_0402';
  pin
  end_pin;
  body
    PART_NAME='EK_RES_SMD';
    BODY_NAME='EK_RES_SMD';
    JEDEC_TYPE='EVKIT_RES_FOOTPRINT';
    PHYS_DES_PREFIX='R';
    CLASS='MECHANICAL';
    CDS_LMAN_UNMAPPED_PHYS_PIN='(1)';
  end_body;
end_primitive;

primitive 'EK_RES_SMD_2512';
  pin
    '2':
      PIN_NUMBER='(2)';
      PINUSE='UNSPEC';
      PIN_GROUP='val 1';
      NO_LOAD_CHECK='Both';
      NO_IO_CHECK='Both';
      NO_ASSERT_CHECK='TRUE';
      NO_DIR_CHECK='TRUE';
      ALLOW_CONNECT='TRUE';
    '1':
      PIN_NUMBER='(1)';
      PINUSE='UNSPEC';
      PIN_GROUP='val 1';
      NO_LOAD_CHECK='Both';
      NO_IO_CHECK='Both';
      NO_ASSERT_CHECK='TRUE';
      NO_DIR_CHECK='TRUE';
      ALLOW_CONNECT='TRUE';
  end_pin;
  body
    PART_NAME='EK_RES_SMD';
    BODY_NAME='EK_RES_SMD';
    JEDEC_TYPE='RESC6331X88L272M';
    PHYS_DES_PREFIX='R';
    CLASS='DISCRETE';
  end_body;
end_primitive;

primitive 'EK_RES_SMD_0603';
  pin
    '2':
      PIN_NUMBER='(2)';
      PINUSE='UNSPEC';
      PIN_GROUP='val 1';
      NO_LOAD_CHECK='Both';
      NO_IO_CHECK='Both';
      NO_ASSERT_CHECK='TRUE';
      NO_DIR_CHECK='TRUE';
      ALLOW_CONNECT='TRUE';
    '1':
      PIN_NUMBER='(1)';
      PINUSE='UNSPEC';
      PIN_GROUP='val 1';
      NO_LOAD_CHECK='Both';
      NO_IO_CHECK='Both';
      NO_ASSERT_CHECK='TRUE';
      NO_DIR_CHECK='TRUE';
      ALLOW_CONNECT='TRUE';
  end_pin;
  body
    PART_NAME='EK_RES_SMD';
    BODY_NAME='EK_RES_SMD';
    JEDEC_TYPE='RESC6331X88L272M';
    PHYS_DES_PREFIX='R';
    CLASS='DISCRETE';
  end_body;
end_primitive;

primitive 'EK_RES_SMD_1206';
  pin
    '2':
      PIN_NUMBER='(2)';
      PINUSE='UNSPEC';
      PIN_GROUP='val 1';
      NO_LOAD_CHECK='Both';
      NO_IO_CHECK='Both';
      NO_ASSERT_CHECK='TRUE';
      NO_DIR_CHECK='TRUE';
      ALLOW_CONNECT='TRUE';
    '1':
      PIN_NUMBER='(1)';
      PINUSE='UNSPEC';
      PIN_GROUP='val 1';
      NO_LOAD_CHECK='Both';
      NO_IO_CHECK='Both';
      NO_ASSERT_CHECK='TRUE';
      NO_DIR_CHECK='TRUE';
      ALLOW_CONNECT='TRUE';
  end_pin;
  body
    PART_NAME='EK_RES_SMD';
    BODY_NAME='EK_RES_SMD';
    JEDEC_TYPE='RESC6331X88L272M';
    PHYS_DES_PREFIX='R';
    CLASS='DISCRETE';
  end_body;
end_primitive;

primitive 'EK_RES_SMD_2010';
  pin
    '2':
      PIN_NUMBER='(2)';
      PINUSE='UNSPEC';
      PIN_GROUP='val 1';
      NO_LOAD_CHECK='Both';
      NO_IO_CHECK='Both';
      NO_ASSERT_CHECK='TRUE';
      NO_DIR_CHECK='TRUE';
      ALLOW_CONNECT='TRUE';
    '1':
      PIN_NUMBER='(1)';
      PINUSE='UNSPEC';
      PIN_GROUP='val 1';
      NO_LOAD_CHECK='Both';
      NO_IO_CHECK='Both';
      NO_ASSERT_CHECK='TRUE';
      NO_DIR_CHECK='TRUE';
      ALLOW_CONNECT='TRUE';
  end_pin;
  body
    PART_NAME='EK_RES_SMD';
    BODY_NAME='EK_RES_SMD';
    JEDEC_TYPE='RESC5025X70M';
    PHYS_DES_PREFIX='R';
    CLASS='DISCRETE';
  end_body;
end_primitive;

primitive 'EK_RES_SMD_01005_1';
  pin
    '2':
      PIN_NUMBER='(2)';
      PINUSE='UNSPEC';
      PIN_GROUP='val 1';
      NO_LOAD_CHECK='Both';
      NO_IO_CHECK='Both';
      NO_ASSERT_CHECK='TRUE';
      NO_DIR_CHECK='TRUE';
      ALLOW_CONNECT='TRUE';
    '1':
      PIN_NUMBER='(1)';
      PINUSE='UNSPEC';
      PIN_GROUP='val 1';
      NO_LOAD_CHECK='Both';
      NO_IO_CHECK='Both';
      NO_ASSERT_CHECK='TRUE';
      NO_DIR_CHECK='TRUE';
      ALLOW_CONNECT='TRUE';
  end_pin;
  body
    PART_NAME='EK_RES_SMD';
    BODY_NAME='EK_RES_SMD';
    JEDEC_TYPE='EK_RES_ERJXG';
    PHYS_DES_PREFIX='R';
    CLASS='DISCRETE';
  end_body;
end_primitive;

primitive 'EK_RES_SMD_0805';
  pin
    '2':
      PIN_NUMBER='(2)';
      PINUSE='UNSPEC';
      PIN_GROUP='val 1';
      NO_LOAD_CHECK='Both';
      NO_IO_CHECK='Both';
      NO_ASSERT_CHECK='TRUE';
      NO_DIR_CHECK='TRUE';
      ALLOW_CONNECT='TRUE';
    '1':
      PIN_NUMBER='(1)';
      PINUSE='UNSPEC';
      PIN_GROUP='val 1';
      NO_LOAD_CHECK='Both';
      NO_IO_CHECK='Both';
      NO_ASSERT_CHECK='TRUE';
      NO_DIR_CHECK='TRUE';
      ALLOW_CONNECT='TRUE';
  end_pin;
  body
    PART_NAME='EK_RES_SMD';
    BODY_NAME='EK_RES_SMD';
    JEDEC_TYPE='RESC5025X70M';
    PHYS_DES_PREFIX='R';
    CLASS='DISCRETE';
  end_body;
end_primitive;

primitive 'EK_RES_SMD_1209';
  pin
    '2':
      PIN_NUMBER='(2)';
      PINUSE='UNSPEC';
      PIN_GROUP='val 1';
      NO_LOAD_CHECK='Both';
      NO_IO_CHECK='Both';
      NO_ASSERT_CHECK='TRUE';
      NO_DIR_CHECK='TRUE';
      ALLOW_CONNECT='TRUE';
    '1':
      PIN_NUMBER='(1)';
      PINUSE='UNSPEC';
      PIN_GROUP='val 1';
      NO_LOAD_CHECK='Both';
      NO_IO_CHECK='Both';
      NO_ASSERT_CHECK='TRUE';
      NO_DIR_CHECK='TRUE';
      ALLOW_CONNECT='TRUE';
  end_pin;
  body
    PART_NAME='EK_RES_SMD';
    BODY_NAME='EK_RES_SMD';
    JEDEC_TYPE='RESC5025X70M';
    PHYS_DES_PREFIX='R';
    CLASS='DISCRETE';
  end_body;
end_primitive;

primitive 'EK_RES_SMD_1206_1';
  pin
    '2':
      PIN_NUMBER='(2)';
      PINUSE='UNSPEC';
      PIN_GROUP='val 1';
      NO_LOAD_CHECK='Both';
      NO_IO_CHECK='Both';
      NO_ASSERT_CHECK='TRUE';
      NO_DIR_CHECK='TRUE';
      ALLOW_CONNECT='TRUE';
    '1_L':
      PIN_NUMBER='(1)';
      PINUSE='UNSPEC';
      PIN_GROUP='val 1';
      NO_LOAD_CHECK='Both';
      NO_IO_CHECK='Both';
      NO_ASSERT_CHECK='TRUE';
      NO_DIR_CHECK='TRUE';
      ALLOW_CONNECT='TRUE';
  end_pin;
  body
    PART_NAME='EK_RES_SMD';
    BODY_NAME='EK_RES_SMD';
    JEDEC_TYPE='RESC6331X88L272M';
    PHYS_DES_PREFIX='R';
    CLASS='DISCRETE';
  end_body;
end_primitive;

END.
