

    Cadence Design Systems, Inc.
    Bomhdl 17.4-2019 S012 (3898062) 10/18/2020
    Copyright 2011 Cadence Design Systems, Inc, Cadence Design Systems, Inc.

    Run on Thu Nov 26 12:37:36 2020


*****************************
*  Processing project file  *
*****************************

    DESIGN_LIBRARY 'mrd104_microboard_apps_a_lib'
    DESIGN_NAME 'mrd104_microboard_apps_a'
    VIEW_SCHEMATIC 'sch_1'
    VIEW_PACKAGER 'packaged'
    VIEW_VARIANT 'variant'
    VIEW_BOM ''
    VIEW_CONFIG_PHYSICAL 'cfg_package'
    PPT 'C:\Allegrolib\MML\Allegrolib\site\..\mml_worklib\mechanical'
    USE_LIBRARY_PPT 'on'
    MERGE_PPT 'on'
    INCLUDE_PPT ''
    EXCLUDE_PPT ''
    SPREADSHEET 'on'
    LAST_OUTPUT_FILE './BOM.rpt'
    TEMPLATE_FILE 'template.bom'
    PACKAGED_VARIANT_SYNC_CHECK '1'
    LAST_TEMPLATE_FILE 'C:\Allegrolib\MML\Allegrolib\site\cdssetup\bom_templates\buy_template.bom'
    USE_FILTERS '1'
    LAST_SS_DELIMITER 'Comma ,'
    LAST_CALLOUT_FILE ''

*********************************
*  End processing project file  *
*********************************

Initializing tool communication modules... 

*********************************
*  Loading the design database  *
*********************************

Start loading the design. 
Loading logical design view of mrd104_microboard_apps_a 
Setting design view directives...
 
Loading pstX files...
 

Loading... C:\work\ul\working\confirmed\maxrefdes104\MAXREFDES104_Host_board\worklib\mrd104_microboard_apps_a\packaged\pstchip.dat
 

Loading... C:\work\ul\working\confirmed\maxrefdes104\MAXREFDES104_Host_board\worklib\mrd104_microboard_apps_a\packaged\pstxprt.dat
 

Loading... C:\work\ul\working\confirmed\maxrefdes104\MAXREFDES104_Host_board\worklib\mrd104_microboard_apps_a\packaged\pstxnet.dat
 
packaging the design view... 
End loading logical design view of mrd104_microboard_apps_a 
Reading cell level PPTs... 
INFO(SPCODD-181): Loading C:/Allegrolib/MML/Allegrolib/site/../mml_worklib/mechanical/mech.ptf.
       
INFO(SPCODD-181): Loading C:/Allegrolib/MML/Allegrolib/mml_worklib/antenna/part_table/part.ptf.
       
INFO(SPCODD-181): Loading C:/Allegrolib/MML/Allegrolib/mml_worklib/cap_np/part_table/0201_SMD_CAP.ptf.
       
INFO(SPCODD-181): Loading C:/Allegrolib/MML/Allegrolib/mml_worklib/cap_np/part_table/0402_SMD_CAP.ptf.
       
INFO(SPCODD-181): Loading C:/Allegrolib/MML/Allegrolib/mml_worklib/cap_np/part_table/0508_SMD_CAP.ptf.
       
INFO(SPCODD-181): Loading C:/Allegrolib/MML/Allegrolib/mml_worklib/cap_np/part_table/0603_SMD_CAP.ptf.
       
INFO(SPCODD-181): Loading C:/Allegrolib/MML/Allegrolib/mml_worklib/cap_np/part_table/0805_SMD_CAP.ptf.
       
INFO(SPCODD-181): Loading C:/Allegrolib/MML/Allegrolib/mml_worklib/cap_np/part_table/1206_SMD_CAP.ptf.
       
INFO(SPCODD-181): Loading C:/Allegrolib/MML/Allegrolib/mml_worklib/cap_np/part_table/1210_SMD_CAP.ptf.
       
INFO(SPCODD-181): Loading C:/Allegrolib/MML/Allegrolib/mml_worklib/cap_np/part_table/part.ptf.
       
INFO(SPCODD-181): Loading C:/Allegrolib/MML/Allegrolib/mml_worklib/cap_np/part_table/TH_CAPS.ptf.
       
INFO(SPCODD-181): Loading C:/Allegrolib/MML/Allegrolib/mml_worklib/led_4p/part_table/led_4p.ptf.
       
INFO(SPCODD-181): Loading C:/Allegrolib/MML/Allegrolib/mml_worklib/induct/part_table/INDUCT.ptf.
       
INFO(SPCODD-181): Loading C:/Allegrolib/MML/Allegrolib/mml_worklib/induct/part_table/part.ptf.
       
INFO(SPCODD-181): Loading C:/Allegrolib/MML/Allegrolib/mml_worklib/res_smd/part_table/part.ptf.
       
INFO(SPCODD-181): Loading C:/Allegrolib/MML/Allegrolib/mml_worklib/res_smd/part_table/SMD_RES_0201.ptf.
       
INFO(SPCODD-181): Loading C:/Allegrolib/MML/Allegrolib/mml_worklib/res_smd/part_table/SMD_RES_0402.ptf.
       
INFO(SPCODD-181): Loading C:/Allegrolib/MML/Allegrolib/mml_worklib/res_smd/part_table/SMD_RES_0603.ptf.
       
INFO(SPCODD-181): Loading C:/Allegrolib/MML/Allegrolib/mml_worklib/res_smd/part_table/SMD_RES_0805.ptf.
       
INFO(SPCODD-181): Loading C:/Allegrolib/MML/Allegrolib/mml_worklib/res_smd/part_table/SMD_RES_1206.ptf.
       
INFO(SPCODD-181): Loading C:/Allegrolib/MML/Allegrolib/mml_worklib/res_smd/part_table/SMD_RES_1210.ptf.
       
INFO(SPCODD-181): Loading C:/Allegrolib/MML/Allegrolib/mml_worklib/res_smd/part_table/SMD_RES_2512.ptf.
       
INFO(SPCODD-181): Loading C:/Allegrolib/MML/Allegrolib/evk_worklib/ek_res_smd/part_table/part.ptf.
       
INFO(SPCODD-181): Loading C:/Allegrolib/MML/Allegrolib/mml_worklib/434153017835/part_table/part.ptf.
       
INFO(SPCODD-181): Loading C:/Allegrolib/MML/Allegrolib/mml_worklib/mx25u51245g_54/part_table/part.ptf.
       
INFO(SPCODD-181): Loading C:/Allegrolib/MML/Allegrolib/mml_worklib/max32666/part_table/part.ptf.
       
INFO(SPCODD-181): Loading C:/Allegrolib/MML/Allegrolib/mml_worklib/xtal/part_table/XTAL.ptf.
       
INFO(SPCODD-181): Loading C:/Allegrolib/MML/Allegrolib/mml_worklib/tp/part_table/part.ptf.
       
INFO(SPCODD-181): Loading C:/Allegrolib/MML/Allegrolib/mml_worklib/thermistor_smd/part_table/thermistor_smd.ptf.
       
INFO(SPCODD-181): Loading C:/Allegrolib/MML/Allegrolib/mml_worklib/evp#2daaxxxx/part_table/part.ptf.
       
INFO(SPCODD-181): Loading C:/Allegrolib/MML/Allegrolib/evk_worklib/ek_max20360/part_table/part.ptf.
       
INFO(SPCODD-181): Loading C:/Allegrolib/MML/Allegrolib/evk_worklib/ek_cap_np/part_table/part.ptf.
       
INFO(SPCODD-181): Loading C:/Allegrolib/MML/Allegrolib/mml_worklib/tf13ba#2d6s/part_table/part.ptf.
       
INFO(SPCODD-181): Loading C:/Allegrolib/MML/Allegrolib/mml_worklib/fh26#2d25s/part_table/part.ptf.
       
INFO(SPCODD-181): Loading C:/Allegrolib/MML/Allegrolib/mml_worklib/dx07s024jj3/part_table/part.ptf.
       
INFO(SPCODD-181): Loading C:/Allegrolib/MML/Allegrolib/mml_worklib/ferritebead/part_table/ferritebead.ptf.
       
INFO(SPCODD-181): Loading C:/Allegrolib/MML/Allegrolib/evk_worklib/evkit_tp/part_table/part.ptf.
       
INFO(SPCODD-181): Loading C:/Allegrolib/MML/Allegrolib/evk_worklib/ek_max32670/part_table/part.ptf.
       
INFO(SPCODD-181): Loading C:/Allegrolib/MML/Allegrolib/mml_worklib/lis2ds12/part_table/part.ptf.
       
INFO(SPCODD-181): Loading C:/Allegrolib/MML/Allegrolib/mml_worklib/max9062/part_table/part.ptf.
       
INFO(SPCODD-181): Loading C:/Allegrolib/MML/Allegrolib/mml_worklib/max3207/part_table/max3207.ptf.
       
INFO(SPCODD-181): Loading C:/Allegrolib/MML/Allegrolib/mml_worklib/max4737/part_table/part.ptf.
       
INFO(SPCODD-181): Loading C:/Allegrolib/MML/Allegrolib/mml_worklib/max14689/part_table/part.ptf.
       
Design loaded successfully. 


******************************************
*  Finished loading the design database  *
******************************************


**********************************
*  Start generating bom reports. *
**********************************

Report generated successfully.

Output file list :
C:\Temp\mrd104_microboard_apps_a_part_status_report.csv
 

*********************************
*  End generating bom reports   *
*********************************

    Start time   12:37:36
    End time     12:37:38
    Elapsed time  0:00:02

*********************************
*  BOM-HDL execution done.      *
*********************************

