FILE_TYPE=LIBRARY_PARTS;
primitive 'MAX4737_UCSP16_B16-4';
  pin
    'IN2':
      PIN_NUMBER='(A1)';
      INPUT_LOAD='(-0.01,0.01)';
    'IN3':
      PIN_NUMBER='(A2)';
      INPUT_LOAD='(-0.01,0.01)';
    'NO3':
      PIN_NUMBER='(A3)';
      OUTPUT_LOAD='(1.0,-1.0)';
    'COM3':
      PIN_NUMBER='(A4)';
      INPUT_LOAD='(-0.01,0.01)';
    'COM2':
      PIN_NUMBER='(B1)';
      INPUT_LOAD='(-0.01,0.01)';
    'GND':
      PIN_NUMBER='(B3)';
      PINUSE='GROUND';
      NO_LOAD_CHECK='Both';
      NO_IO_CHECK='Both';
      NO_ASSERT_CHECK='TRUE';
      NO_DIR_CHECK='TRUE';
      ALLOW_CONNECT='TRUE';
    'COM4':
      PIN_NUMBER='(B4)';
      INPUT_LOAD='(-0.01,0.01)';
    'NO2':
      PIN_NUMBER='(C1)';
      OUTPUT_LOAD='(1.0,-1.0)';
    'V+':
      PIN_NUMBER='(C2)';
      PINUSE='POWER';
      NO_LOAD_CHECK='Both';
      NO_IO_CHECK='Both';
      NO_ASSERT_CHECK='TRUE';
      NO_DIR_CHECK='TRUE';
      ALLOW_CONNECT='TRUE';
    'NO4':
      PIN_NUMBER='(C4)';
      OUTPUT_LOAD='(1.0,-1.0)';
    'COM1':
      PIN_NUMBER='(D1)';
      INPUT_LOAD='(-0.01,0.01)';
    'NO1':
      PIN_NUMBER='(D2)';
      OUTPUT_LOAD='(1.0,-1.0)';
    'IN1':
      PIN_NUMBER='(D3)';
      INPUT_LOAD='(-0.01,0.01)';
    'IN4':
      PIN_NUMBER='(D4)';
      INPUT_LOAD='(-0.01,0.01)';
  end_pin;
  body
    PART_NAME='MAX4737';
    BODY_NAME='MAX4737';
    JEDEC_TYPE='MAXIM_21-0101_B16-4';
    PHYS_DES_PREFIX='U';
    CLASS='IC';
    CDS_LMAN_UNMAPPED_PHYS_PIN='(@)';
  end_body;
end_primitive;

END.
