	(Comment
		(Time 04/11/14,02:11:15)
		(User Ryan.Cabreza)
		(MsgId ECO_021)
		(Text "Package EK_RES_SMD_0402_FF1 added to cell")
		(Param1 "EK_RES_SMD_0402_FF1")
	)
	(Comment
		(Time 04/11/14,02:11:26)
		(User Ryan.Cabreza)
		(MsgId ECO_021)
		(Text "Package EK_RES_SMD_0402_FF2 added to cell")
		(Param1 "EK_RES_SMD_0402_FF2")
	)
	(Comment
		(Time 09/02/14,16:57:04)
		(User Ryan.Cabreza)
		(MsgId ECO_021)
		(Text "Package EK_RES_SMD_0805_FF1 added to cell")
		(Param1 "EK_RES_SMD_0805_FF1")
	)
	(Comment
		(Time 05/11/15,22:26:36)
		(User tois)
		(MsgId ECO_021)
		(Text "Package EK_RES_SMD_0201_FF1 added to cell")
		(Param1 "EK_RES_SMD_0201_FF1")
	)
	(Comment
		(Time 07/23/15,06:20:26)
		(User jayson.navarro)
		(MsgId ECO_081)
		(Text "Symbol sym_5 added to cell")
		(Param1 "sym_5")
	)
	(Comment
		(Time 07/23/15,06:20:38)
		(User jayson.navarro)
		(MsgId ECO_082)
		(Text "Symbol sym_5 deleted from cell")
		(Param1 "sym_5")
	)
	(Comment
		(Time 07/23/15,06:21:19)
		(User jayson.navarro)
		(MsgId ECO_081)
		(Text "Symbol sym_5 added to cell")
		(Param1 "sym_5")
	)
	(Comment
		(Time 07/24/15,01:17:44)
		(User jayson.navarro)
		(MsgId ECO_082)
		(Text "Symbol sym_5 deleted from cell")
		(Param1 "sym_5")
	)
	(Comment
		(Time 03/03/16,17:08:04)
		(User Mariel.Mabituin)
		(MsgId ECO_021)
		(Text "Package EK_RES_SMD_0402_FF1 added to cell")
		(Param1 "EK_RES_SMD_0402_FF1")
	)
	(Comment
		(Time 03/03/16,17:19:38)
		(User Mariel.Mabituin)
		(MsgId ECO_081)
		(Text "Symbol sym_5 added to cell")
		(Param1 "sym_5")
	)
	(Comment
		(Time 03/03/16,17:20:27)
		(User Mariel.Mabituin)
		(MsgId ECO_081)
		(Text "Symbol sym_6 added to cell")
		(Param1 "sym_6")
	)
	(Comment
		(Time 03/03/16,17:21:08)
		(User Mariel.Mabituin)
		(MsgId ECO_081)
		(Text "Symbol sym_7 added to cell")
		(Param1 "sym_7")
	)
	(Comment
		(Time 03/03/16,17:21:22)
		(User Mariel.Mabituin)
		(MsgId ECO_081)
		(Text "Symbol sym_8 added to cell")
		(Param1 "sym_8")
	)
	(Comment
		(Time 03/03/16,17:27:06)
		(User Mariel.Mabituin)
		(MsgId ECO_021)
		(Text "Package EK_RES_SMD_010051 added to cell")
		(Param1 "EK_RES_SMD_010051")
	)
	(Comment
		(Time 03/28/16,09:05:04)
		(User Mariel.Mabituin)
		(MsgId ECO_021)
		(Text "Package EK_RES_SMD_1206_FF1 added to cell")
		(Param1 "EK_RES_SMD_1206_FF1")
	)
	(Comment
		(Time 05/16/17,16:31:24)
		(User Mariel.Mabituin)
		(MsgId ECO_021)
		(Text "Package EK_RES_SMD_25121 added to cell")
		(Param1 "EK_RES_SMD_25121")
	)
	(Comment
		(Time 05/16/17,16:31:41)
		(User Mariel.Mabituin)
		(MsgId ECO_021)
		(Text "Package EK_RES_SMD_06031 added to cell")
		(Param1 "EK_RES_SMD_06031")
	)
	(Comment
		(Time 09/27/17,09:43:15)
		(User Mariel.Mabituin)
		(MsgId ECO_021)
		(Text "Package EK_RES_SMD_12061 added to cell")
		(Param1 "EK_RES_SMD_12061")
	)
	(Comment
		(Time 07/25/18,09:35:05)
		(User Mariel.Mabituin)
		(MsgId ECO_021)
		(Text "Package EK_RES_SMD_20101 added to cell")
		(Param1 "EK_RES_SMD_20101")
	)
	(Comment
		(Time 05/30/19,13:19:19)
		(User Mariel.Mabituin)
		(MsgId ECO_021)
		(Text "Package EK_RES_SMD_20101 added to cell")
		(Param1 "EK_RES_SMD_20101")
	)
	(Comment
		(Time 09/13/19,15:03:56)
		(User Mariel.Mabituin)
		(MsgId ECO_021)
		(Text "Package EK_RES_SMD_08051 added to cell")
		(Param1 "EK_RES_SMD_08051")
	)
	(Comment
		(Time 10/16/20,05:51:16)
		(User Joseph.Duran)
		(MsgId ECO_021)
		(Text "Package EK_RES_SMD_12061 added to cell")
		(Param1 "EK_RES_SMD_12061")
	)
	(Comment
		(Time 10/16/20,06:01:36)
		(User Joseph.Duran)
		(MsgId ECO_081)
		(Text "Symbol sym_9 added to cell")
		(Param1 "sym_9")
	)
