FILE_TYPE=LIBRARY_PARTS;
primitive 'MAX9062_UCSP4';
  pin
    'VCC':
      PIN_NUMBER='(B1)';
      PINUSE='POWER';
      NO_LOAD_CHECK='Both';
      NO_IO_CHECK='Both';
      NO_ASSERT_CHECK='TRUE';
      NO_DIR_CHECK='TRUE';
      ALLOW_CONNECT='TRUE';
    'GND':
      PIN_NUMBER='(B2)';
      PINUSE='GROUND';
      NO_LOAD_CHECK='Both';
      NO_IO_CHECK='Both';
      NO_ASSERT_CHECK='TRUE';
      NO_DIR_CHECK='TRUE';
      ALLOW_CONNECT='TRUE';
    'IN':
      PIN_NUMBER='(A2)';
      INPUT_LOAD='(-0.01,0.01)';
    'OUT':
      PIN_NUMBER='(A1)';
      OUTPUT_LOAD='(1.0,-1.0)';
  end_pin;
  body
    PART_NAME='MAX9062';
    BODY_NAME='MAX9062';
    JEDEC_TYPE='UCSP4C50P2X2_100X100X67';
    PHYS_DES_PREFIX='U';
    CLASS='IC';
  end_body;
end_primitive;

END.
