FILE_TYPE=LIBRARY_PARTS;
primitive 'MX25U51245G_54_WSON8-EP';
  pin
    'CS#':
      PIN_NUMBER='(1)';
      INPUT_LOAD='(-0.01,0.01)';
    'SO/SIO1':
      PIN_NUMBER='(2)';
      BIDIRECTIONAL='TRUE';
      INPUT_LOAD='(-0.01,0.01)';
      OUTPUT_LOAD='(1.0,-1.0)';
    'SIO2':
      PIN_NUMBER='(3)';
      INPUT_LOAD='(-0.01,0.01)';
    'GND':
      PIN_NUMBER='(4)';
      PINUSE='GROUND';
      NO_LOAD_CHECK='Both';
      NO_IO_CHECK='Both';
      NO_ASSERT_CHECK='TRUE';
      NO_DIR_CHECK='TRUE';
      ALLOW_CONNECT='TRUE';
    'SI/SIO0':
      PIN_NUMBER='(5)';
      BIDIRECTIONAL='TRUE';
      INPUT_LOAD='(-0.01,0.01)';
      OUTPUT_LOAD='(1.0,-1.0)';
    'SCLK':
      PIN_NUMBER='(6)';
      INPUT_LOAD='(-0.01,0.01)';
    'SIO3':
      PIN_NUMBER='(7)';
      INPUT_LOAD='(-0.01,0.01)';
    'VCC':
      PIN_NUMBER='(8)';
      PINUSE='POWER';
      NO_LOAD_CHECK='Both';
      NO_IO_CHECK='Both';
      NO_ASSERT_CHECK='TRUE';
      NO_DIR_CHECK='TRUE';
      ALLOW_CONNECT='TRUE';
    'EP':
      PIN_NUMBER='(9)';
      PINUSE='GROUND';
      NO_LOAD_CHECK='Both';
      NO_IO_CHECK='Both';
      NO_ASSERT_CHECK='TRUE';
      NO_DIR_CHECK='TRUE';
      ALLOW_CONNECT='TRUE';
  end_pin;
  body
    PART_NAME='MX25U51245G_54';
    BODY_NAME='MX25U51245G_54';
    JEDEC_TYPE='SON127P600X800X80-9M';
    PHYS_DES_PREFIX='U';
    CLASS='IC';
  end_body;
end_primitive;

END.
